n=     1 min=  91.950 max= 106.668 av= 104.655 Mflop/s  fool=    0.0
n=     2 min= 190.475 max= 200.010 av= 197.368 Mflop/s  fool=   -9.1
n=     4 min= 340.415 max= 351.650 av= 349.540 Mflop/s  fool=  -27.3
n=     8 min= 528.937 max= 571.448 av= 567.617 Mflop/s  fool=  -63.8
n=    16 min= 436.862 max= 825.806 av= 819.357 Mflop/s  fool= -136.7
n=    32 min= 888.896 max= 1066.679 av= 1061.958 Mflop/s  fool= -282.4
n=    64 min= 1115.463 max= 1245.750 av= 1243.258 Mflop/s  fool= -574.0
n=   128 min= 1147.979 max= 1361.709 av= 1357.450 Mflop/s  fool=-1157.1
n=   256 min= 1317.889 max= 1427.182 av= 1423.786 Mflop/s  fool=-2323.3
n=   512 min= 1332.467 max= 1462.858 av= 1460.159 Mflop/s  fool=-4655.8
n=  1024 min= 1400.821 max= 1481.107 av= 1478.617 Mflop/s  fool=-9320.7
Time of     0-relation= 0.019508 sec= 28844390 flops
Time of     1-relation= 0.004884 sec=  7221769 flops
Time of     2-relation= 0.004884 sec=  7221828 flops
Time of     3-relation= 0.004885 sec=  7223775 flops
Time of     4-relation= 0.004890 sec=  7230999 flops
Time of     5-relation= 0.004891 sec=  7232624 flops
Time of     6-relation= 0.004881 sec=  7217016 flops
Time of     7-relation= 0.004879 sec=  7214824 flops
Time of     8-relation= 0.004882 sec=  7219053 flops
Time of     9-relation= 0.004889 sec=  7229406 flops
Time of    10-relation= 0.004888 sec=  7227167 flops
Time of    11-relation= 0.004886 sec=  7224570 flops
Time of    12-relation= 0.004889 sec=  7229469 flops
Time of    13-relation= 0.004891 sec=  7231563 flops
Time of    14-relation= 0.004881 sec=  7217056 flops
Time of    15-relation= 0.004887 sec=  7226372 flops
Time of    16-relation= 0.004890 sec=  7231083 flops
Time of    17-relation= 0.004887 sec=  7226205 flops
Time of    18-relation= 0.004885 sec=  7222827 flops
Time of    19-relation= 0.004889 sec=  7228600 flops
Time of    20-relation= 0.004882 sec=  7218909 flops
Time of    21-relation= 0.004879 sec=  7214690 flops
Time of    22-relation= 0.004888 sec=  7226889 flops
Time of    23-relation= 0.004887 sec=  7226216 flops
Time of    24-relation= 0.004886 sec=  7224460 flops
Time of    25-relation= 0.004885 sec=  7222756 flops
Time of    26-relation= 0.004888 sec=  7228205 flops
Time of    27-relation= 0.004887 sec=  7226388 flops
Time of    28-relation= 0.004888 sec=  7227921 flops
Time of    29-relation= 0.004885 sec=  7222523 flops
Time of    30-relation= 0.004886 sec=  7224065 flops
Time of    31-relation= 0.004887 sec=  7226100 flops
Time of    32-relation= 0.004886 sec=  7224341 flops
Time of    33-relation= 0.004890 sec=  7231000 flops
Time of    34-relation= 0.004893 sec=  7234662 flops
Time of    35-relation= 0.004894 sec=  7235938 flops
Time of    36-relation= 0.004886 sec=  7224782 flops
Time of    37-relation= 0.004892 sec=  7233618 flops
Time of    38-relation= 0.004882 sec=  7219341 flops
Time of    39-relation= 0.004886 sec=  7225192 flops
Time of    40-relation= 0.004891 sec=  7231822 flops
Time of    41-relation= 0.004893 sec=  7235483 flops
Time of    42-relation= 0.004885 sec=  7223329 flops
Time of    43-relation= 0.004885 sec=  7223427 flops
Time of    44-relation= 0.004889 sec=  7229132 flops
Time of    45-relation= 0.004887 sec=  7226337 flops
Time of    46-relation= 0.004888 sec=  7227074 flops
Time of    47-relation= 0.004892 sec=  7232895 flops
Time of    48-relation= 0.004890 sec=  7230391 flops
Time of    49-relation= 0.004889 sec=  7228551 flops
Time of    50-relation= 0.004889 sec=  7229472 flops
Time of    51-relation= 0.004890 sec=  7230507 flops
Time of    52-relation= 0.004884 sec=  7221336 flops
Time of    53-relation= 0.004895 sec=  7237509 flops
Time of    54-relation= 0.004903 sec=  7249210 flops
Time of    55-relation= 0.004894 sec=  7235637 flops
Time of    56-relation= 0.004890 sec=  7231125 flops
Time of    57-relation= 0.004885 sec=  7223194 flops
Time of    58-relation= 0.004892 sec=  7233139 flops
Time of    59-relation= 0.004886 sec=  7225019 flops
Time of    60-relation= 0.004890 sec=  7230361 flops
Time of    61-relation= 0.004887 sec=  7226603 flops
Time of    62-relation= 0.004892 sec=  7233836 flops
Time of    63-relation= 0.004884 sec=  7221150 flops
Time of    64-relation= 0.004887 sec=  7226009 flops
Time of    65-relation= 0.004893 sec=  7234466 flops
Time of    66-relation= 0.004888 sec=  7227400 flops
Time of    67-relation= 0.008241 sec= 12185567 flops
Time of    68-relation= 0.004897 sec=  7240416 flops
Time of    69-relation= 0.004893 sec=  7234923 flops
Time of    70-relation= 0.004894 sec=  7236071 flops
Time of    71-relation= 0.004893 sec=  7235078 flops
Time of    72-relation= 0.005044 sec=  7457802 flops
Time of    73-relation= 0.004889 sec=  7228435 flops
Time of    74-relation= 0.004889 sec=  7229557 flops
Time of    75-relation= 0.006775 sec= 10016980 flops
Time of    76-relation= 0.004896 sec=  7238768 flops
Time of    77-relation= 0.004886 sec=  7224537 flops
Time of    78-relation= 0.004889 sec=  7228729 flops
Time of    79-relation= 0.004888 sec=  7227197 flops
Time of    80-relation= 0.004894 sec=  7237025 flops
Time of    81-relation= 0.004889 sec=  7229693 flops
Time of    82-relation= 0.005039 sec=  7450617 flops
Time of    83-relation= 0.004894 sec=  7235922 flops
Time of    84-relation= 0.004895 sec=  7238414 flops
Time of    85-relation= 0.004889 sec=  7229668 flops
Time of    86-relation= 0.004892 sec=  7233794 flops
Time of    87-relation= 0.004889 sec=  7228759 flops
Time of    88-relation= 0.004893 sec=  7234288 flops
Time of    89-relation= 0.004893 sec=  7234499 flops
Time of    90-relation= 0.004895 sec=  7237499 flops
Time of    91-relation= 0.004891 sec=  7231336 flops
Time of    92-relation= 0.005270 sec=  7792420 flops
Time of    93-relation= 0.004888 sec=  7227621 flops
Time of    94-relation= 0.004894 sec=  7236167 flops
Time of    95-relation= 0.004896 sec=  7239282 flops
Time of    96-relation= 0.004894 sec=  7236465 flops
Time of    97-relation= 0.004896 sec=  7239296 flops
Time of    98-relation= 0.004892 sec=  7233238 flops
Time of    99-relation= 0.004892 sec=  7233973 flops
Time of   100-relation= 0.004894 sec=  7236684 flops
Time of   101-relation= 0.004896 sec=  7238581 flops
Time of   102-relation= 0.004888 sec=  7228101 flops
Time of   103-relation= 0.004892 sec=  7234001 flops
Time of   104-relation= 0.004902 sec=  7247740 flops
Time of   105-relation= 0.004891 sec=  7232361 flops
Time of   106-relation= 0.004895 sec=  7238527 flops
Time of   107-relation= 0.004895 sec=  7237160 flops
Time of   108-relation= 0.004901 sec=  7246255 flops
Time of   109-relation= 0.004884 sec=  7221399 flops
Time of   110-relation= 0.004895 sec=  7237540 flops
Time of   111-relation= 0.004899 sec=  7243115 flops
Time of   112-relation= 0.004891 sec=  7231848 flops
Time of   113-relation= 0.004890 sec=  7231099 flops
Time of   114-relation= 0.004893 sec=  7235079 flops
Time of   115-relation= 0.004899 sec=  7243176 flops
Time of   116-relation= 0.004892 sec=  7232937 flops
Time of   117-relation= 0.004893 sec=  7235044 flops
Time of   118-relation= 0.004896 sec=  7239443 flops
Time of   119-relation= 0.004890 sec=  7230422 flops
Time of   120-relation= 0.004895 sec=  7237217 flops
Time of   121-relation= 0.004896 sec=  7239507 flops
Time of   122-relation= 0.004894 sec=  7237005 flops
Time of   123-relation= 0.004899 sec=  7243761 flops
Time of   124-relation= 0.004896 sec=  7238816 flops
Time of   125-relation= 0.004899 sec=  7244143 flops
Time of   126-relation= 0.004893 sec=  7234858 flops
Time of   127-relation= 0.004889 sec=  7229442 flops
Time of   128-relation= 0.004891 sec=  7231567 flops
Time of   129-relation= 0.004910 sec=  7259628 flops
Time of   130-relation= 0.004890 sec=  7231018 flops
Time of   131-relation= 0.004913 sec=  7264191 flops
Time of   132-relation= 0.004895 sec=  7238154 flops
Time of   133-relation= 0.004906 sec=  7253593 flops
Time of   134-relation= 0.004898 sec=  7242802 flops
Time of   135-relation= 0.004899 sec=  7243931 flops
Time of   136-relation= 0.004897 sec=  7240335 flops
Time of   137-relation= 0.004899 sec=  7243042 flops
Time of   138-relation= 0.004893 sec=  7235593 flops
Time of   139-relation= 0.004900 sec=  7244659 flops
Time of   140-relation= 0.004895 sec=  7237584 flops
Time of   141-relation= 0.004895 sec=  7238079 flops
Time of   142-relation= 0.004898 sec=  7242526 flops
Time of   143-relation= 0.004903 sec=  7250151 flops
Time of   144-relation= 0.004907 sec=  7256167 flops
Time of   145-relation= 0.004903 sec=  7249580 flops
Time of   146-relation= 0.004900 sec=  7245867 flops
Time of   147-relation= 0.004901 sec=  7246461 flops
Time of   148-relation= 0.004900 sec=  7244783 flops
Time of   149-relation= 0.004895 sec=  7237277 flops
Time of   150-relation= 0.004900 sec=  7245476 flops
Time of   151-relation= 0.004897 sec=  7240420 flops
Time of   152-relation= 0.004896 sec=  7239999 flops
Time of   153-relation= 0.004899 sec=  7244080 flops
Time of   154-relation= 0.004899 sec=  7244464 flops
Time of   155-relation= 0.004899 sec=  7243877 flops
Time of   156-relation= 0.004902 sec=  7248112 flops
Time of   157-relation= 0.004899 sec=  7243116 flops
Time of   158-relation= 0.004905 sec=  7252218 flops
Time of   159-relation= 0.004895 sec=  7238339 flops
Time of   160-relation= 0.004898 sec=  7242815 flops
Time of   161-relation= 0.004901 sec=  7246131 flops
Time of   162-relation= 0.004899 sec=  7243649 flops
Time of   163-relation= 0.004903 sec=  7249672 flops
Time of   164-relation= 0.004900 sec=  7244857 flops
Time of   165-relation= 0.004907 sec=  7255601 flops
Time of   166-relation= 0.004891 sec=  7232110 flops
Time of   167-relation= 0.004897 sec=  7241351 flops
Time of   168-relation= 0.004899 sec=  7243734 flops
Time of   169-relation= 0.004899 sec=  7243885 flops
Time of   170-relation= 0.004901 sec=  7247304 flops
Time of   171-relation= 0.004899 sec=  7243849 flops
Time of   172-relation= 0.004904 sec=  7251554 flops
Time of   173-relation= 0.004895 sec=  7238019 flops
Time of   174-relation= 0.004896 sec=  7239872 flops
Time of   175-relation= 0.004903 sec=  7250101 flops
Time of   176-relation= 0.004899 sec=  7244467 flops
Time of   177-relation= 0.004896 sec=  7238958 flops
Time of   178-relation= 0.004902 sec=  7248240 flops
Time of   179-relation= 0.004904 sec=  7250509 flops
Time of   180-relation= 0.004903 sec=  7249360 flops
Time of   181-relation= 0.004899 sec=  7244460 flops
Time of   182-relation= 0.004900 sec=  7245053 flops
Time of   183-relation= 0.004904 sec=  7251419 flops
Time of   184-relation= 0.004905 sec=  7252851 flops
Time of   185-relation= 0.004900 sec=  7245698 flops
Time of   186-relation= 0.004909 sec=  7257864 flops
Time of   187-relation= 0.004904 sec=  7251416 flops
Time of   188-relation= 0.004907 sec=  7255967 flops
Time of   189-relation= 0.004904 sec=  7251455 flops
Time of   190-relation= 0.004903 sec=  7250037 flops
Time of   191-relation= 0.004900 sec=  7245008 flops
Time of   192-relation= 0.004899 sec=  7243125 flops
Time of   193-relation= 0.004989 sec=  7376255 flops
Time of   194-relation= 0.004898 sec=  7241625 flops
Time of   195-relation= 0.004895 sec=  7238423 flops
Time of   196-relation= 0.004908 sec=  7256777 flops
Time of   197-relation= 0.005185 sec=  7666800 flops
Time of   198-relation= 0.004920 sec=  7274438 flops
Time of   199-relation= 0.004896 sec=  7239706 flops
Time of   200-relation= 0.004905 sec=  7252544 flops
Time of   201-relation= 0.004909 sec=  7257795 flops
Time of   202-relation= 0.004899 sec=  7243138 flops
Time of   203-relation= 0.004910 sec=  7260016 flops
Time of   204-relation= 0.004907 sec=  7255018 flops
Time of   205-relation= 0.004899 sec=  7243728 flops
Time of   206-relation= 0.004901 sec=  7246459 flops
Time of   207-relation= 0.004905 sec=  7252913 flops
Time of   208-relation= 0.004905 sec=  7252708 flops
Time of   209-relation= 0.004905 sec=  7253112 flops
Time of   210-relation= 0.004906 sec=  7253370 flops
Time of   211-relation= 0.004905 sec=  7252018 flops
Time of   212-relation= 0.004904 sec=  7250783 flops
Time of   213-relation= 0.004909 sec=  7259139 flops
Time of   214-relation= 0.004908 sec=  7257374 flops
Time of   215-relation= 0.004907 sec=  7255329 flops
Time of   216-relation= 0.004900 sec=  7244744 flops
Time of   217-relation= 0.004905 sec=  7252909 flops
Time of   218-relation= 0.004908 sec=  7256476 flops
Time of   219-relation= 0.004901 sec=  7246411 flops
Time of   220-relation= 0.005173 sec=  7648419 flops
Time of   221-relation= 0.005100 sec=  7540624 flops
Time of   222-relation= 0.005155 sec=  7622437 flops
Time of   223-relation= 0.005211 sec=  7705205 flops
Time of   224-relation= 0.005202 sec=  7691191 flops
Time of   225-relation= 0.005360 sec=  7925154 flops
Time of   226-relation= 0.025198 sec= 37258025 flops
Time of   227-relation= 0.004957 sec=  7329285 flops
Time of   228-relation= 0.004959 sec=  7332442 flops
Time of   229-relation= 0.004972 sec=  7351051 flops
Time of   230-relation= 0.004982 sec=  7366173 flops
Time of   231-relation= 0.004987 sec=  7374287 flops
Time of   232-relation= 0.005001 sec=  7394927 flops
Time of   233-relation= 0.005018 sec=  7418994 flops
Time of   234-relation= 0.005020 sec=  7423049 flops
Time of   235-relation= 0.005039 sec=  7450160 flops
Time of   236-relation= 0.005311 sec=  7852975 flops
Time of   237-relation= 0.005472 sec=  8091568 flops
Time of   238-relation= 0.006632 sec=  9806137 flops
Time of   239-relation= 0.005113 sec=  7559526 flops
Time of   240-relation= 0.005153 sec=  7619921 flops
Time of   241-relation= 0.005151 sec=  7616585 flops
Time of   242-relation= 0.005152 sec=  7618173 flops
Time of   243-relation= 0.005126 sec=  7578890 flops
Time of   244-relation= 0.005118 sec=  7567470 flops
Time of   245-relation= 0.005122 sec=  7572753 flops
Time of   246-relation= 0.005113 sec=  7560079 flops
Time of   247-relation= 0.005108 sec=  7553305 flops
Time of   248-relation= 0.005115 sec=  7563840 flops
Time of   249-relation= 0.005179 sec=  7658454 flops
Time of   250-relation= 0.005193 sec=  7678676 flops
Time of   251-relation= 0.005136 sec=  7593702 flops
Time of   252-relation= 0.005127 sec=  7580509 flops
Time of   253-relation= 0.005140 sec=  7599431 flops
Time of   254-relation= 0.005144 sec=  7605543 flops
Time of   255-relation= 0.005156 sec=  7623328 flops
Time of   256-relation= 0.005159 sec=  7628846 flops
size of double = 8 bytes
Range h=0 to p   : g= -8810.7, l= 7992162.4
Range h=p to HMAX: g= 8124.5, l= 6059875.8
The bottom line for this BSP computer is:
p= 112, r= 1478.617 Mflop/s, g= 8124.5, l= 6059875.8
