n=     1 min= 102.560 max= 105.269 av= 104.924 Mflop/s  fool=    0.0
n=     2 min= 195.115 max= 199.998 av= 197.538 Mflop/s  fool=   -9.1
n=     4 min= 340.415 max= 351.650 av= 348.327 Mflop/s  fool=  -27.3
n=     8 min= 533.329 max= 571.424 av= 564.308 Mflop/s  fool=  -63.8
n=    16 min= 810.108 max= 825.806 av= 821.202 Mflop/s  fool= -136.7
n=    32 min= 1057.853 max= 1066.659 av= 1061.969 Mflop/s  fool= -282.4
n=    64 min= 1236.713 max= 1245.750 av= 1242.158 Mflop/s  fool= -574.0
n=   128 min= 1227.819 max= 1359.898 av= 1351.189 Mflop/s  fool=-1157.1
n=   256 min= 1422.221 max= 1426.187 av= 1425.007 Mflop/s  fool=-2323.3
n=   512 min= 1460.769 max= 1462.335 av= 1461.422 Mflop/s  fool=-4655.8
n=  1024 min= 1455.063 max= 1480.839 av= 1477.364 Mflop/s  fool=-9320.7
Time of     0-relation= 0.000221 sec=   326720 flops
Time of     1-relation= 0.000221 sec=   326413 flops
Time of     2-relation= 0.000221 sec=   327226 flops
Time of     3-relation= 0.000221 sec=   326968 flops
Time of     4-relation= 0.000221 sec=   326740 flops
Time of     5-relation= 0.000222 sec=   328484 flops
Time of     6-relation= 0.000222 sec=   328178 flops
Time of     7-relation= 0.000227 sec=   334985 flops
Time of     8-relation= 0.000223 sec=   328849 flops
Time of     9-relation= 0.000223 sec=   329275 flops
Time of    10-relation= 0.000223 sec=   329753 flops
Time of    11-relation= 0.000222 sec=   328257 flops
Time of    12-relation= 0.000223 sec=   329801 flops
Time of    13-relation= 0.000223 sec=   329340 flops
Time of    14-relation= 0.000223 sec=   329661 flops
Time of    15-relation= 0.000223 sec=   329763 flops
Time of    16-relation= 0.000223 sec=   329903 flops
Time of    17-relation= 0.000223 sec=   329926 flops
Time of    18-relation= 0.000223 sec=   330034 flops
Time of    19-relation= 0.000223 sec=   330163 flops
Time of    20-relation= 0.000224 sec=   330407 flops
Time of    21-relation= 0.000224 sec=   330838 flops
Time of    22-relation= 0.000225 sec=   332875 flops
Time of    23-relation= 0.000224 sec=   331374 flops
Time of    24-relation= 0.000225 sec=   331787 flops
Time of    25-relation= 0.000224 sec=   331450 flops
Time of    26-relation= 0.000224 sec=   331135 flops
Time of    27-relation= 0.000225 sec=   332776 flops
Time of    28-relation= 0.000227 sec=   334940 flops
Time of    29-relation= 0.000225 sec=   332215 flops
Time of    30-relation= 0.000225 sec=   332233 flops
Time of    31-relation= 0.000226 sec=   334255 flops
Time of    32-relation= 0.000226 sec=   333842 flops
Time of    33-relation= 0.000227 sec=   334734 flops
Time of    34-relation= 0.000228 sec=   336128 flops
Time of    35-relation= 0.000229 sec=   337654 flops
Time of    36-relation= 0.000229 sec=   338282 flops
Time of    37-relation= 0.000230 sec=   339956 flops
Time of    38-relation= 0.000230 sec=   340248 flops
Time of    39-relation= 0.000231 sec=   341635 flops
Time of    40-relation= 0.000232 sec=   342203 flops
Time of    41-relation= 0.000233 sec=   344501 flops
Time of    42-relation= 0.000233 sec=   344809 flops
Time of    43-relation= 0.000235 sec=   347633 flops
Time of    44-relation= 0.000235 sec=   346654 flops
Time of    45-relation= 0.000236 sec=   348384 flops
Time of    46-relation= 0.000236 sec=   348589 flops
Time of    47-relation= 0.000236 sec=   349024 flops
Time of    48-relation= 0.000236 sec=   348063 flops
Time of    49-relation= 0.000236 sec=   349292 flops
Time of    50-relation= 0.000238 sec=   351074 flops
Time of    51-relation= 0.000238 sec=   351220 flops
Time of    52-relation= 0.000237 sec=   350544 flops
Time of    53-relation= 0.000237 sec=   349519 flops
Time of    54-relation= 0.000237 sec=   349685 flops
Time of    55-relation= 0.000237 sec=   350172 flops
Time of    56-relation= 0.000237 sec=   349929 flops
Time of    57-relation= 0.000238 sec=   351127 flops
Time of    58-relation= 0.000238 sec=   350983 flops
Time of    59-relation= 0.000238 sec=   350991 flops
Time of    60-relation= 0.000238 sec=   351048 flops
Time of    61-relation= 0.000238 sec=   351784 flops
Time of    62-relation= 0.000238 sec=   351569 flops
Time of    63-relation= 0.000238 sec=   351646 flops
Time of    64-relation= 0.000238 sec=   351499 flops
Time of    65-relation= 0.000239 sec=   353805 flops
Time of    66-relation= 0.000238 sec=   351895 flops
Time of    67-relation= 0.000239 sec=   352703 flops
Time of    68-relation= 0.000238 sec=   352068 flops
Time of    69-relation= 0.000239 sec=   352534 flops
Time of    70-relation= 0.000239 sec=   353507 flops
Time of    71-relation= 0.000240 sec=   354021 flops
Time of    72-relation= 0.000239 sec=   352809 flops
Time of    73-relation= 0.000240 sec=   354124 flops
Time of    74-relation= 0.000239 sec=   353533 flops
Time of    75-relation= 0.000240 sec=   354831 flops
Time of    76-relation= 0.000240 sec=   355052 flops
Time of    77-relation= 0.000240 sec=   354876 flops
Time of    78-relation= 0.000240 sec=   354847 flops
Time of    79-relation= 0.000240 sec=   355198 flops
Time of    80-relation= 0.000241 sec=   355958 flops
Time of    81-relation= 0.000240 sec=   355214 flops
Time of    82-relation= 0.000241 sec=   356360 flops
Time of    83-relation= 0.000248 sec=   367061 flops
Time of    84-relation= 0.000241 sec=   356335 flops
Time of    85-relation= 0.000242 sec=   357182 flops
Time of    86-relation= 0.000241 sec=   356004 flops
Time of    87-relation= 0.000241 sec=   356566 flops
Time of    88-relation= 0.000241 sec=   356144 flops
Time of    89-relation= 0.000242 sec=   357155 flops
Time of    90-relation= 0.000242 sec=   357467 flops
Time of    91-relation= 0.000243 sec=   359311 flops
Time of    92-relation= 0.000247 sec=   365165 flops
Time of    93-relation= 0.000243 sec=   358716 flops
Time of    94-relation= 0.000247 sec=   364863 flops
Time of    95-relation= 0.000244 sec=   360562 flops
Time of    96-relation= 0.000244 sec=   360730 flops
Time of    97-relation= 0.000244 sec=   361054 flops
Time of    98-relation= 0.000245 sec=   361476 flops
Time of    99-relation= 0.000245 sec=   362165 flops
Time of   100-relation= 0.000246 sec=   363121 flops
Time of   101-relation= 0.000247 sec=   365013 flops
Time of   102-relation= 0.000247 sec=   365057 flops
Time of   103-relation= 0.000247 sec=   364927 flops
Time of   104-relation= 0.000248 sec=   366608 flops
Time of   105-relation= 0.000248 sec=   366411 flops
Time of   106-relation= 0.000248 sec=   366641 flops
Time of   107-relation= 0.000249 sec=   368048 flops
Time of   108-relation= 0.000251 sec=   370473 flops
Time of   109-relation= 0.000252 sec=   372114 flops
Time of   110-relation= 0.000253 sec=   374106 flops
Time of   111-relation= 0.000255 sec=   376664 flops
Time of   112-relation= 0.000255 sec=   376190 flops
Time of   113-relation= 0.000256 sec=   378412 flops
Time of   114-relation= 0.000256 sec=   378708 flops
Time of   115-relation= 0.000258 sec=   380786 flops
Time of   116-relation= 0.000259 sec=   382059 flops
Time of   117-relation= 0.000259 sec=   382895 flops
Time of   118-relation= 0.000260 sec=   384751 flops
Time of   119-relation= 0.000261 sec=   385815 flops
Time of   120-relation= 0.000263 sec=   388054 flops
Time of   121-relation= 0.000263 sec=   388671 flops
Time of   122-relation= 0.000263 sec=   388056 flops
Time of   123-relation= 0.000264 sec=   389914 flops
Time of   124-relation= 0.000263 sec=   388751 flops
Time of   125-relation= 0.000264 sec=   390028 flops
Time of   126-relation= 0.000264 sec=   390463 flops
Time of   127-relation= 0.000265 sec=   391454 flops
Time of   128-relation= 0.000265 sec=   392028 flops
Time of   129-relation= 0.000266 sec=   393602 flops
Time of   130-relation= 0.000266 sec=   392529 flops
Time of   131-relation= 0.000267 sec=   394895 flops
Time of   132-relation= 0.000266 sec=   392598 flops
Time of   133-relation= 0.000267 sec=   394156 flops
Time of   134-relation= 0.000267 sec=   394525 flops
Time of   135-relation= 0.000268 sec=   395253 flops
Time of   136-relation= 0.000267 sec=   395083 flops
Time of   137-relation= 0.000268 sec=   395641 flops
Time of   138-relation= 0.000268 sec=   395992 flops
Time of   139-relation= 0.000268 sec=   395555 flops
Time of   140-relation= 0.000268 sec=   396269 flops
Time of   141-relation= 0.000269 sec=   396940 flops
Time of   142-relation= 0.000269 sec=   397258 flops
Time of   143-relation= 0.000269 sec=   397120 flops
Time of   144-relation= 0.000269 sec=   397748 flops
Time of   145-relation= 0.000269 sec=   397369 flops
Time of   146-relation= 0.000269 sec=   397757 flops
Time of   147-relation= 0.000269 sec=   396952 flops
Time of   148-relation= 0.000270 sec=   398184 flops
Time of   149-relation= 0.000270 sec=   398559 flops
Time of   150-relation= 0.000270 sec=   398549 flops
Time of   151-relation= 0.000270 sec=   399043 flops
Time of   152-relation= 0.000270 sec=   398793 flops
Time of   153-relation= 0.000270 sec=   398547 flops
Time of   154-relation= 0.000270 sec=   399616 flops
Time of   155-relation= 0.000271 sec=   399974 flops
Time of   156-relation= 0.000271 sec=   400823 flops
Time of   157-relation= 0.000271 sec=   400445 flops
Time of   158-relation= 0.000270 sec=   399409 flops
Time of   159-relation= 0.000271 sec=   400126 flops
Time of   160-relation= 0.000271 sec=   400383 flops
Time of   161-relation= 0.000271 sec=   401104 flops
Time of   162-relation= 0.000271 sec=   400577 flops
Time of   163-relation= 0.000271 sec=   400650 flops
Time of   164-relation= 0.000271 sec=   401075 flops
Time of   165-relation= 0.000272 sec=   401320 flops
Time of   166-relation= 0.000272 sec=   401975 flops
Time of   167-relation= 0.000272 sec=   401371 flops
Time of   168-relation= 0.000273 sec=   403097 flops
Time of   169-relation= 0.000272 sec=   402100 flops
Time of   170-relation= 0.000273 sec=   402625 flops
Time of   171-relation= 0.000273 sec=   402710 flops
Time of   172-relation= 0.000273 sec=   402657 flops
Time of   173-relation= 0.000273 sec=   403312 flops
Time of   174-relation= 0.000274 sec=   404118 flops
Time of   175-relation= 0.000273 sec=   403569 flops
Time of   176-relation= 0.000273 sec=   403089 flops
Time of   177-relation= 0.000274 sec=   404312 flops
Time of   178-relation= 0.000273 sec=   403567 flops
Time of   179-relation= 0.000273 sec=   403455 flops
Time of   180-relation= 0.000275 sec=   405596 flops
Time of   181-relation= 0.000274 sec=   405011 flops
Time of   182-relation= 0.000275 sec=   405723 flops
Time of   183-relation= 0.000274 sec=   405509 flops
Time of   184-relation= 0.000274 sec=   405172 flops
Time of   185-relation= 0.000275 sec=   406406 flops
Time of   186-relation= 0.000274 sec=   404642 flops
Time of   187-relation= 0.000275 sec=   406554 flops
Time of   188-relation= 0.000275 sec=   406076 flops
Time of   189-relation= 0.000276 sec=   407165 flops
Time of   190-relation= 0.000275 sec=   406483 flops
Time of   191-relation= 0.000276 sec=   407671 flops
Time of   192-relation= 0.000275 sec=   406864 flops
Time of   193-relation= 0.000276 sec=   408454 flops
Time of   194-relation= 0.000276 sec=   407353 flops
Time of   195-relation= 0.000276 sec=   407866 flops
Time of   196-relation= 0.000277 sec=   409021 flops
Time of   197-relation= 0.000278 sec=   410302 flops
Time of   198-relation= 0.000279 sec=   412434 flops
Time of   199-relation= 0.000279 sec=   412449 flops
Time of   200-relation= 0.000281 sec=   414636 flops
Time of   201-relation= 0.000282 sec=   416555 flops
Time of   202-relation= 0.000282 sec=   416303 flops
Time of   203-relation= 0.000283 sec=   418681 flops
Time of   204-relation= 0.000284 sec=   420284 flops
Time of   205-relation= 0.000285 sec=   421570 flops
Time of   206-relation= 0.000286 sec=   422161 flops
Time of   207-relation= 0.000287 sec=   423457 flops
Time of   208-relation= 0.000287 sec=   424112 flops
Time of   209-relation= 0.000289 sec=   426825 flops
Time of   210-relation= 0.000289 sec=   427567 flops
Time of   211-relation= 0.000289 sec=   426977 flops
Time of   212-relation= 0.000289 sec=   427595 flops
Time of   213-relation= 0.000290 sec=   428497 flops
Time of   214-relation= 0.000290 sec=   428085 flops
Time of   215-relation= 0.000290 sec=   427804 flops
Time of   216-relation= 0.000290 sec=   428222 flops
Time of   217-relation= 0.000291 sec=   429283 flops
Time of   218-relation= 0.000291 sec=   429315 flops
Time of   219-relation= 0.000291 sec=   430119 flops
Time of   220-relation= 0.000291 sec=   429972 flops
Time of   221-relation= 0.000291 sec=   430039 flops
Time of   222-relation= 0.000291 sec=   429756 flops
Time of   223-relation= 0.000291 sec=   430150 flops
Time of   224-relation= 0.000292 sec=   430674 flops
Time of   225-relation= 0.000291 sec=   430500 flops
Time of   226-relation= 0.000292 sec=   431879 flops
Time of   227-relation= 0.000293 sec=   433527 flops
Time of   228-relation= 0.000293 sec=   432401 flops
Time of   229-relation= 0.000292 sec=   431717 flops
Time of   230-relation= 0.000292 sec=   431945 flops
Time of   231-relation= 0.000292 sec=   431770 flops
Time of   232-relation= 0.000299 sec=   441624 flops
Time of   233-relation= 0.000293 sec=   432891 flops
Time of   234-relation= 0.000293 sec=   432232 flops
Time of   235-relation= 0.000293 sec=   432280 flops
Time of   236-relation= 0.000293 sec=   432606 flops
Time of   237-relation= 0.000294 sec=   434058 flops
Time of   238-relation= 0.000294 sec=   434002 flops
Time of   239-relation= 0.000294 sec=   434347 flops
Time of   240-relation= 0.000297 sec=   438155 flops
Time of   241-relation= 0.000293 sec=   433282 flops
Time of   242-relation= 0.000295 sec=   436237 flops
Time of   243-relation= 0.000294 sec=   433827 flops
Time of   244-relation= 0.000294 sec=   434036 flops
Time of   245-relation= 0.000294 sec=   434672 flops
Time of   246-relation= 0.000294 sec=   434419 flops
Time of   247-relation= 0.000294 sec=   434522 flops
Time of   248-relation= 0.000294 sec=   434822 flops
Time of   249-relation= 0.000295 sec=   436133 flops
Time of   250-relation= 0.000294 sec=   435009 flops
Time of   251-relation= 0.000295 sec=   436385 flops
Time of   252-relation= 0.000295 sec=   436557 flops
Time of   253-relation= 0.000295 sec=   436405 flops
Time of   254-relation= 0.000300 sec=   443646 flops
Time of   255-relation= 0.000295 sec=   436270 flops
Time of   256-relation= 0.000296 sec=   436870 flops
size of double = 8 bytes
Range h=0 to p   : g= 206.8, l= 327187.4
Range h=p to HMAX: g= 475.0, l= 322366.5
The bottom line for this BSP computer is:
p= 16, r= 1477.364 Mflop/s, g= 475.0, l= 322366.5
