n=     1 min=  45.976 max= 105.269 av= 102.951 Mflop/s  fool=    0.0
n=     2 min= 190.475 max= 200.010 av= 197.323 Mflop/s  fool=   -9.1
n=     4 min= 340.415 max= 351.650 av= 348.559 Mflop/s  fool=  -27.3
n=     8 min= 353.586 max= 571.424 av= 559.621 Mflop/s  fool=  -63.8
n=    16 min= 815.274 max= 825.806 av= 823.824 Mflop/s  fool= -136.7
n=    32 min= 1053.495 max= 1066.679 av= 1062.107 Mflop/s  fool= -282.4
n=    64 min= 679.949 max= 1245.750 av= 1225.700 Mflop/s  fool= -574.0
n=   128 min= 537.815 max= 1359.898 av= 1283.633 Mflop/s  fool=-1157.1
n=   256 min= 1421.237 max= 1426.187 av= 1424.511 Mflop/s  fool=-2323.3
n=   512 min= 1459.729 max= 1462.335 av= 1461.194 Mflop/s  fool=-4655.8
n=  1024 min= 1448.117 max= 1481.107 av= 1478.145 Mflop/s  fool=-9320.7
Time of     0-relation= 0.000540 sec=   798822 flops
Time of     1-relation= 0.000545 sec=   804882 flops
Time of     2-relation= 0.000544 sec=   804496 flops
Time of     3-relation= 0.000542 sec=   800996 flops
Time of     4-relation= 0.000545 sec=   805357 flops
Time of     5-relation= 0.000542 sec=   800986 flops
Time of     6-relation= 0.000538 sec=   795314 flops
Time of     7-relation= 0.000545 sec=   806031 flops
Time of     8-relation= 0.000543 sec=   802755 flops
Time of     9-relation= 0.000545 sec=   805061 flops
Time of    10-relation= 0.000544 sec=   803866 flops
Time of    11-relation= 0.000545 sec=   805225 flops
Time of    12-relation= 0.000545 sec=   805004 flops
Time of    13-relation= 0.000545 sec=   804913 flops
Time of    14-relation= 0.000545 sec=   806062 flops
Time of    15-relation= 0.000545 sec=   805338 flops
Time of    16-relation= 0.000545 sec=   805762 flops
Time of    17-relation= 0.000545 sec=   805660 flops
Time of    18-relation= 0.000545 sec=   805170 flops
Time of    19-relation= 0.000544 sec=   803454 flops
Time of    20-relation= 0.000544 sec=   804485 flops
Time of    21-relation= 0.000543 sec=   802375 flops
Time of    22-relation= 0.000549 sec=   812092 flops
Time of    23-relation= 0.000544 sec=   803845 flops
Time of    24-relation= 0.000545 sec=   805284 flops
Time of    25-relation= 0.000545 sec=   805507 flops
Time of    26-relation= 0.000545 sec=   805770 flops
Time of    27-relation= 0.000545 sec=   805957 flops
Time of    28-relation= 0.000545 sec=   805988 flops
Time of    29-relation= 0.000544 sec=   804807 flops
Time of    30-relation= 0.000545 sec=   804887 flops
Time of    31-relation= 0.000543 sec=   802979 flops
Time of    32-relation= 0.000545 sec=   805961 flops
Time of    33-relation= 0.000545 sec=   805650 flops
Time of    34-relation= 0.000548 sec=   809795 flops
Time of    35-relation= 0.000544 sec=   804759 flops
Time of    36-relation= 0.000548 sec=   810072 flops
Time of    37-relation= 0.000543 sec=   803186 flops
Time of    38-relation= 0.000542 sec=   801569 flops
Time of    39-relation= 0.000544 sec=   804678 flops
Time of    40-relation= 0.000545 sec=   804936 flops
Time of    41-relation= 0.000545 sec=   805786 flops
Time of    42-relation= 0.000541 sec=   799743 flops
Time of    43-relation= 0.000542 sec=   801787 flops
Time of    44-relation= 0.000545 sec=   805482 flops
Time of    45-relation= 0.000545 sec=   805570 flops
Time of    46-relation= 0.000546 sec=   806449 flops
Time of    47-relation= 0.000544 sec=   803890 flops
Time of    48-relation= 0.000544 sec=   804205 flops
Time of    49-relation= 0.000545 sec=   805154 flops
Time of    50-relation= 0.000544 sec=   804293 flops
Time of    51-relation= 0.000545 sec=   805410 flops
Time of    52-relation= 0.000544 sec=   804527 flops
Time of    53-relation= 0.000544 sec=   804363 flops
Time of    54-relation= 0.000545 sec=   805905 flops
Time of    55-relation= 0.000547 sec=   807859 flops
Time of    56-relation= 0.000544 sec=   804064 flops
Time of    57-relation= 0.000549 sec=   811669 flops
Time of    58-relation= 0.000545 sec=   805122 flops
Time of    59-relation= 0.000544 sec=   804198 flops
Time of    60-relation= 0.000546 sec=   806491 flops
Time of    61-relation= 0.000544 sec=   804109 flops
Time of    62-relation= 0.000542 sec=   801557 flops
Time of    63-relation= 0.000547 sec=   808475 flops
Time of    64-relation= 0.000549 sec=   810994 flops
Time of    65-relation= 0.000551 sec=   813787 flops
Time of    66-relation= 0.000552 sec=   815283 flops
Time of    67-relation= 0.000552 sec=   815388 flops
Time of    68-relation= 0.000555 sec=   819852 flops
Time of    69-relation= 0.000557 sec=   823200 flops
Time of    70-relation= 0.000565 sec=   834700 flops
Time of    71-relation= 0.000560 sec=   827902 flops
Time of    72-relation= 0.000564 sec=   833346 flops
Time of    73-relation= 0.000565 sec=   834525 flops
Time of    74-relation= 0.000568 sec=   839362 flops
Time of    75-relation= 0.000570 sec=   842110 flops
Time of    76-relation= 0.000573 sec=   846807 flops
Time of    77-relation= 0.000574 sec=   848766 flops
Time of    78-relation= 0.000576 sec=   850896 flops
Time of    79-relation= 0.000578 sec=   854119 flops
Time of    80-relation= 0.000580 sec=   857560 flops
Time of    81-relation= 0.000583 sec=   861487 flops
Time of    82-relation= 0.000584 sec=   862973 flops
Time of    83-relation= 0.000587 sec=   867808 flops
Time of    84-relation= 0.000590 sec=   872008 flops
Time of    85-relation= 0.000589 sec=   870805 flops
Time of    86-relation= 0.000590 sec=   872128 flops
Time of    87-relation= 0.000591 sec=   873306 flops
Time of    88-relation= 0.000592 sec=   874688 flops
Time of    89-relation= 0.000592 sec=   874847 flops
Time of    90-relation= 0.000592 sec=   875162 flops
Time of    91-relation= 0.000593 sec=   876203 flops
Time of    92-relation= 0.000596 sec=   880428 flops
Time of    93-relation= 0.000596 sec=   881062 flops
Time of    94-relation= 0.000597 sec=   882810 flops
Time of    95-relation= 0.000597 sec=   881923 flops
Time of    96-relation= 0.000596 sec=   881010 flops
Time of    97-relation= 0.000596 sec=   881573 flops
Time of    98-relation= 0.000597 sec=   881843 flops
Time of    99-relation= 0.000595 sec=   879087 flops
Time of   100-relation= 0.000599 sec=   886098 flops
Time of   101-relation= 0.000597 sec=   881751 flops
Time of   102-relation= 0.000598 sec=   883246 flops
Time of   103-relation= 0.000597 sec=   882977 flops
Time of   104-relation= 0.000599 sec=   885139 flops
Time of   105-relation= 0.000597 sec=   882823 flops
Time of   106-relation= 0.000596 sec=   881328 flops
Time of   107-relation= 0.000597 sec=   882028 flops
Time of   108-relation= 0.000596 sec=   880775 flops
Time of   109-relation= 0.000597 sec=   882180 flops
Time of   110-relation= 0.000596 sec=   881053 flops
Time of   111-relation= 0.000594 sec=   877391 flops
Time of   112-relation= 0.000596 sec=   881188 flops
Time of   113-relation= 0.000598 sec=   883832 flops
Time of   114-relation= 0.000596 sec=   881109 flops
Time of   115-relation= 0.000597 sec=   882480 flops
Time of   116-relation= 0.000597 sec=   882266 flops
Time of   117-relation= 0.000596 sec=   881673 flops
Time of   118-relation= 0.000596 sec=   881167 flops
Time of   119-relation= 0.000597 sec=   882893 flops
Time of   120-relation= 0.000597 sec=   882924 flops
Time of   121-relation= 0.000596 sec=   881299 flops
Time of   122-relation= 0.000597 sec=   881781 flops
Time of   123-relation= 0.000598 sec=   884506 flops
Time of   124-relation= 0.000596 sec=   880531 flops
Time of   125-relation= 0.000599 sec=   885796 flops
Time of   126-relation= 0.000598 sec=   883253 flops
Time of   127-relation= 0.000596 sec=   881645 flops
Time of   128-relation= 0.000596 sec=   881079 flops
Time of   129-relation= 0.000596 sec=   880344 flops
Time of   130-relation= 0.000597 sec=   882954 flops
Time of   131-relation= 0.000597 sec=   882345 flops
Time of   132-relation= 0.000597 sec=   882027 flops
Time of   133-relation= 0.000596 sec=   881381 flops
Time of   134-relation= 0.000597 sec=   882720 flops
Time of   135-relation= 0.000598 sec=   884459 flops
Time of   136-relation= 0.000597 sec=   882887 flops
Time of   137-relation= 0.000601 sec=   888105 flops
Time of   138-relation= 0.000598 sec=   883231 flops
Time of   139-relation= 0.000596 sec=   880662 flops
Time of   140-relation= 0.000598 sec=   883248 flops
Time of   141-relation= 0.000596 sec=   881454 flops
Time of   142-relation= 0.000600 sec=   886673 flops
Time of   143-relation= 0.000597 sec=   882125 flops
Time of   144-relation= 0.000597 sec=   883177 flops
Time of   145-relation= 0.000598 sec=   883869 flops
Time of   146-relation= 0.000598 sec=   883622 flops
Time of   147-relation= 0.000596 sec=   881177 flops
Time of   148-relation= 0.000597 sec=   882859 flops
Time of   149-relation= 0.000596 sec=   881603 flops
Time of   150-relation= 0.000596 sec=   881423 flops
Time of   151-relation= 0.000598 sec=   883246 flops
Time of   152-relation= 0.000597 sec=   882503 flops
Time of   153-relation= 0.000598 sec=   883237 flops
Time of   154-relation= 0.000597 sec=   882911 flops
Time of   155-relation= 0.000598 sec=   883802 flops
Time of   156-relation= 0.000598 sec=   883313 flops
Time of   157-relation= 0.000597 sec=   882866 flops
Time of   158-relation= 0.000598 sec=   883835 flops
Time of   159-relation= 0.000598 sec=   883782 flops
Time of   160-relation= 0.000603 sec=   891726 flops
Time of   161-relation= 0.000598 sec=   883596 flops
Time of   162-relation= 0.000598 sec=   883588 flops
Time of   163-relation= 0.000597 sec=   882817 flops
Time of   164-relation= 0.000598 sec=   883299 flops
Time of   165-relation= 0.000596 sec=   881441 flops
Time of   166-relation= 0.000598 sec=   883356 flops
Time of   167-relation= 0.000598 sec=   883532 flops
Time of   168-relation= 0.000599 sec=   885650 flops
Time of   169-relation= 0.000597 sec=   882151 flops
Time of   170-relation= 0.000597 sec=   882655 flops
Time of   171-relation= 0.000602 sec=   889145 flops
Time of   172-relation= 0.000598 sec=   883605 flops
Time of   173-relation= 0.000599 sec=   884712 flops
Time of   174-relation= 0.000598 sec=   884537 flops
Time of   175-relation= 0.000597 sec=   882608 flops
Time of   176-relation= 0.000610 sec=   902369 flops
Time of   177-relation= 0.000604 sec=   893011 flops
Time of   178-relation= 0.000612 sec=   905075 flops
Time of   179-relation= 0.000601 sec=   888516 flops
Time of   180-relation= 0.000598 sec=   883694 flops
Time of   181-relation= 0.000598 sec=   884084 flops
Time of   182-relation= 0.000597 sec=   883001 flops
Time of   183-relation= 0.000597 sec=   883013 flops
Time of   184-relation= 0.000600 sec=   886631 flops
Time of   185-relation= 0.000598 sec=   884177 flops
Time of   186-relation= 0.000598 sec=   883309 flops
Time of   187-relation= 0.000600 sec=   886154 flops
Time of   188-relation= 0.000599 sec=   885194 flops
Time of   189-relation= 0.000600 sec=   886424 flops
Time of   190-relation= 0.000598 sec=   884003 flops
Time of   191-relation= 0.000600 sec=   886675 flops
Time of   192-relation= 0.000599 sec=   886134 flops
Time of   193-relation= 0.000600 sec=   886604 flops
Time of   194-relation= 0.000600 sec=   887319 flops
Time of   195-relation= 0.000599 sec=   885924 flops
Time of   196-relation= 0.000600 sec=   886756 flops
Time of   197-relation= 0.000602 sec=   890076 flops
Time of   198-relation= 0.000601 sec=   888021 flops
Time of   199-relation= 0.000602 sec=   889637 flops
Time of   200-relation= 0.000602 sec=   890368 flops
Time of   201-relation= 0.000603 sec=   891427 flops
Time of   202-relation= 0.000604 sec=   893340 flops
Time of   203-relation= 0.000606 sec=   895898 flops
Time of   204-relation= 0.000609 sec=   900410 flops
Time of   205-relation= 0.000604 sec=   893075 flops
Time of   206-relation= 0.000604 sec=   892550 flops
Time of   207-relation= 0.000604 sec=   893353 flops
Time of   208-relation= 0.000605 sec=   894551 flops
Time of   209-relation= 0.000606 sec=   895095 flops
Time of   210-relation= 0.000606 sec=   896256 flops
Time of   211-relation= 0.000605 sec=   894648 flops
Time of   212-relation= 0.000605 sec=   894306 flops
Time of   213-relation= 0.000607 sec=   897042 flops
Time of   214-relation= 0.000606 sec=   895798 flops
Time of   215-relation= 0.000607 sec=   897117 flops
Time of   216-relation= 0.000608 sec=   898547 flops
Time of   217-relation= 0.000608 sec=   898215 flops
Time of   218-relation= 0.000609 sec=   899927 flops
Time of   219-relation= 0.000612 sec=   905030 flops
Time of   220-relation= 0.000674 sec=   996080 flops
Time of   221-relation= 0.000617 sec=   911606 flops
Time of   222-relation= 0.000620 sec=   916856 flops
Time of   223-relation= 0.000623 sec=   920228 flops
Time of   224-relation= 0.000644 sec=   951596 flops
Time of   225-relation= 0.000629 sec=   929899 flops
Time of   226-relation= 0.000631 sec=   932765 flops
Time of   227-relation= 0.000633 sec=   935012 flops
Time of   228-relation= 0.000635 sec=   938678 flops
Time of   229-relation= 0.000637 sec=   941493 flops
Time of   230-relation= 0.000638 sec=   943789 flops
Time of   231-relation= 0.000642 sec=   949435 flops
Time of   232-relation= 0.000644 sec=   952653 flops
Time of   233-relation= 0.000647 sec=   955734 flops
Time of   234-relation= 0.000649 sec=   958768 flops
Time of   235-relation= 0.000653 sec=   965520 flops
Time of   236-relation= 0.000658 sec=   973082 flops
Time of   237-relation= 0.000657 sec=   970608 flops
Time of   238-relation= 0.000658 sec=   973317 flops
Time of   239-relation= 0.000662 sec=   978401 flops
Time of   240-relation= 0.000664 sec=   981159 flops
Time of   241-relation= 0.000664 sec=   981896 flops
Time of   242-relation= 0.000669 sec=   988590 flops
Time of   243-relation= 0.000669 sec=   989611 flops
Time of   244-relation= 0.000668 sec=   987906 flops
Time of   245-relation= 0.000669 sec=   988358 flops
Time of   246-relation= 0.000668 sec=   988039 flops
Time of   247-relation= 0.000673 sec=   994106 flops
Time of   248-relation= 0.000671 sec=   991175 flops
Time of   249-relation= 0.000672 sec=   993744 flops
Time of   250-relation= 0.000674 sec=   996086 flops
Time of   251-relation= 0.000672 sec=   994026 flops
Time of   252-relation= 0.000672 sec=   992728 flops
Time of   253-relation= 0.000672 sec=   993120 flops
Time of   254-relation= 0.000673 sec=   994453 flops
Time of   255-relation= 0.000673 sec=   994732 flops
Time of   256-relation= 0.000672 sec=   993622 flops
size of double = 8 bytes
Range h=0 to p   : g= 114.2, l= 802569.4
Range h=p to HMAX: g= 674.2, l= 786181.7
The bottom line for this BSP computer is:
p= 32, r= 1478.145 Mflop/s, g= 674.2, l= 786181.7
