n=     1 min= 103.894 max= 105.262 av= 104.578 Mflop/s  fool=    0.0
n=     2 min= 197.527 max= 197.538 av= 197.529 Mflop/s  fool=   -9.1
n=     4 min= 347.823 max= 351.650 av= 348.785 Mflop/s  fool=  -27.3
n=     8 min= 566.362 max= 566.385 av= 566.367 Mflop/s  fool=  -63.8
n=    16 min= 815.299 max= 825.806 av= 821.861 Mflop/s  fool= -136.7
n=    32 min= 1062.227 max= 1066.679 av= 1063.351 Mflop/s  fool= -282.4
n=    64 min= 1242.709 max= 1242.723 av= 1242.720 Mflop/s  fool= -574.0
n=   128 min= 1358.092 max= 1359.898 av= 1359.445 Mflop/s  fool=-1157.1
n=   256 min= 1305.291 max= 1426.187 av= 1395.465 Mflop/s  fool=-2323.3
n=   512 min= 1460.771 max= 1461.291 av= 1461.031 Mflop/s  fool=-4655.8
n=  1024 min= 1480.304 max= 1480.839 av= 1480.638 Mflop/s  fool=-9320.7
Time of     0-relation= 0.000029 sec=    43010 flops
Time of     1-relation= 0.000029 sec=    43560 flops
Time of     2-relation= 0.000029 sec=    43182 flops
Time of     3-relation= 0.000030 sec=    44057 flops
Time of     4-relation= 0.000030 sec=    44022 flops
Time of     5-relation= 0.000030 sec=    44338 flops
Time of     6-relation= 0.000030 sec=    44919 flops
Time of     7-relation= 0.000030 sec=    44633 flops
Time of     8-relation= 0.000031 sec=    45397 flops
Time of     9-relation= 0.000031 sec=    45709 flops
Time of    10-relation= 0.000031 sec=    45896 flops
Time of    11-relation= 0.000031 sec=    46342 flops
Time of    12-relation= 0.000031 sec=    46134 flops
Time of    13-relation= 0.000031 sec=    46364 flops
Time of    14-relation= 0.000032 sec=    47089 flops
Time of    15-relation= 0.000033 sec=    48424 flops
Time of    16-relation= 0.000032 sec=    47267 flops
Time of    17-relation= 0.000032 sec=    47485 flops
Time of    18-relation= 0.000032 sec=    47242 flops
Time of    19-relation= 0.000033 sec=    48268 flops
Time of    20-relation= 0.000033 sec=    48660 flops
Time of    21-relation= 0.000033 sec=    48510 flops
Time of    22-relation= 0.000033 sec=    49191 flops
Time of    23-relation= 0.000033 sec=    49487 flops
Time of    24-relation= 0.000034 sec=    49758 flops
Time of    25-relation= 0.000034 sec=    50628 flops
Time of    26-relation= 0.000034 sec=    50824 flops
Time of    27-relation= 0.000035 sec=    51245 flops
Time of    28-relation= 0.000034 sec=    50539 flops
Time of    29-relation= 0.000035 sec=    51364 flops
Time of    30-relation= 0.000035 sec=    51668 flops
Time of    31-relation= 0.000035 sec=    51354 flops
Time of    32-relation= 0.000035 sec=    52013 flops
Time of    33-relation= 0.000035 sec=    52297 flops
Time of    34-relation= 0.000036 sec=    52933 flops
Time of    35-relation= 0.000036 sec=    52898 flops
Time of    36-relation= 0.000036 sec=    53053 flops
Time of    37-relation= 0.000036 sec=    53433 flops
Time of    38-relation= 0.000036 sec=    53415 flops
Time of    39-relation= 0.000036 sec=    54034 flops
Time of    40-relation= 0.000037 sec=    54242 flops
Time of    41-relation= 0.000037 sec=    55237 flops
Time of    42-relation= 0.000037 sec=    54684 flops
Time of    43-relation= 0.000037 sec=    54749 flops
Time of    44-relation= 0.000037 sec=    55350 flops
Time of    45-relation= 0.000038 sec=    55688 flops
Time of    46-relation= 0.000038 sec=    56019 flops
Time of    47-relation= 0.000038 sec=    55770 flops
Time of    48-relation= 0.000038 sec=    56667 flops
Time of    49-relation= 0.000038 sec=    56518 flops
Time of    50-relation= 0.000038 sec=    56952 flops
Time of    51-relation= 0.000038 sec=    56365 flops
Time of    52-relation= 0.000038 sec=    56494 flops
Time of    53-relation= 0.000039 sec=    57715 flops
Time of    54-relation= 0.000039 sec=    57256 flops
Time of    55-relation= 0.000039 sec=    58253 flops
Time of    56-relation= 0.000039 sec=    58059 flops
Time of    57-relation= 0.000040 sec=    58980 flops
Time of    58-relation= 0.000040 sec=    59257 flops
Time of    59-relation= 0.000040 sec=    59677 flops
Time of    60-relation= 0.000041 sec=    61183 flops
Time of    61-relation= 0.000041 sec=    59973 flops
Time of    62-relation= 0.000041 sec=    60320 flops
Time of    63-relation= 0.000041 sec=    60381 flops
Time of    64-relation= 0.000041 sec=    60496 flops
Time of    65-relation= 0.000041 sec=    60482 flops
Time of    66-relation= 0.000041 sec=    60749 flops
Time of    67-relation= 0.000041 sec=    61067 flops
Time of    68-relation= 0.000041 sec=    61086 flops
Time of    69-relation= 0.000041 sec=    61429 flops
Time of    70-relation= 0.000042 sec=    62055 flops
Time of    71-relation= 0.000042 sec=    62319 flops
Time of    72-relation= 0.000042 sec=    62300 flops
Time of    73-relation= 0.000042 sec=    62798 flops
Time of    74-relation= 0.000043 sec=    63471 flops
Time of    75-relation= 0.000043 sec=    63285 flops
Time of    76-relation= 0.000043 sec=    63586 flops
Time of    77-relation= 0.000043 sec=    63658 flops
Time of    78-relation= 0.000044 sec=    64590 flops
Time of    79-relation= 0.000043 sec=    63993 flops
Time of    80-relation= 0.000044 sec=    64490 flops
Time of    81-relation= 0.000044 sec=    64534 flops
Time of    82-relation= 0.000044 sec=    64998 flops
Time of    83-relation= 0.000044 sec=    65241 flops
Time of    84-relation= 0.000044 sec=    65270 flops
Time of    85-relation= 0.000044 sec=    65726 flops
Time of    86-relation= 0.000044 sec=    65509 flops
Time of    87-relation= 0.000044 sec=    65639 flops
Time of    88-relation= 0.000045 sec=    66931 flops
Time of    89-relation= 0.000045 sec=    67210 flops
Time of    90-relation= 0.000045 sec=    67354 flops
Time of    91-relation= 0.000045 sec=    67188 flops
Time of    92-relation= 0.000046 sec=    67833 flops
Time of    93-relation= 0.000046 sec=    67898 flops
Time of    94-relation= 0.000046 sec=    68437 flops
Time of    95-relation= 0.000046 sec=    68368 flops
Time of    96-relation= 0.000046 sec=    68549 flops
Time of    97-relation= 0.000046 sec=    68623 flops
Time of    98-relation= 0.000047 sec=    69047 flops
Time of    99-relation= 0.000047 sec=    68955 flops
Time of   100-relation= 0.000047 sec=    69274 flops
Time of   101-relation= 0.000047 sec=    69725 flops
Time of   102-relation= 0.000047 sec=    69998 flops
Time of   103-relation= 0.000048 sec=    70478 flops
Time of   104-relation= 0.000048 sec=    70389 flops
Time of   105-relation= 0.000048 sec=    70991 flops
Time of   106-relation= 0.000048 sec=    71426 flops
Time of   107-relation= 0.000048 sec=    71503 flops
Time of   108-relation= 0.000048 sec=    71652 flops
Time of   109-relation= 0.000048 sec=    71798 flops
Time of   110-relation= 0.000049 sec=    72549 flops
Time of   111-relation= 0.000049 sec=    72402 flops
Time of   112-relation= 0.000049 sec=    72523 flops
Time of   113-relation= 0.000049 sec=    72505 flops
Time of   114-relation= 0.000049 sec=    73218 flops
Time of   115-relation= 0.000049 sec=    73152 flops
Time of   116-relation= 0.000050 sec=    73404 flops
Time of   117-relation= 0.000050 sec=    73495 flops
Time of   118-relation= 0.000050 sec=    74261 flops
Time of   119-relation= 0.000050 sec=    74327 flops
Time of   120-relation= 0.000051 sec=    74928 flops
Time of   121-relation= 0.000051 sec=    74928 flops
Time of   122-relation= 0.000051 sec=    75144 flops
Time of   123-relation= 0.000051 sec=    75660 flops
Time of   124-relation= 0.000051 sec=    76062 flops
Time of   125-relation= 0.000051 sec=    75889 flops
Time of   126-relation= 0.000052 sec=    76302 flops
Time of   127-relation= 0.000052 sec=    76794 flops
Time of   128-relation= 0.000052 sec=    76764 flops
Time of   129-relation= 0.000052 sec=    76684 flops
Time of   130-relation= 0.000052 sec=    76830 flops
Time of   131-relation= 0.000052 sec=    77312 flops
Time of   132-relation= 0.000052 sec=    77406 flops
Time of   133-relation= 0.000052 sec=    77665 flops
Time of   134-relation= 0.000052 sec=    77674 flops
Time of   135-relation= 0.000053 sec=    78375 flops
Time of   136-relation= 0.000053 sec=    78512 flops
Time of   137-relation= 0.000053 sec=    78900 flops
Time of   138-relation= 0.000054 sec=    79299 flops
Time of   139-relation= 0.000054 sec=    79455 flops
Time of   140-relation= 0.000054 sec=    80040 flops
Time of   141-relation= 0.000054 sec=    79954 flops
Time of   142-relation= 0.000054 sec=    80148 flops
Time of   143-relation= 0.000054 sec=    80311 flops
Time of   144-relation= 0.000054 sec=    80636 flops
Time of   145-relation= 0.000055 sec=    80731 flops
Time of   146-relation= 0.000055 sec=    81420 flops
Time of   147-relation= 0.000055 sec=    81737 flops
Time of   148-relation= 0.000055 sec=    81322 flops
Time of   149-relation= 0.000055 sec=    81525 flops
Time of   150-relation= 0.000055 sec=    82021 flops
Time of   151-relation= 0.000056 sec=    82351 flops
Time of   152-relation= 0.000056 sec=    82841 flops
Time of   153-relation= 0.000056 sec=    83104 flops
Time of   154-relation= 0.000058 sec=    85813 flops
Time of   155-relation= 0.000056 sec=    83594 flops
Time of   156-relation= 0.000057 sec=    83982 flops
Time of   157-relation= 0.000057 sec=    83863 flops
Time of   158-relation= 0.000057 sec=    84242 flops
Time of   159-relation= 0.000057 sec=    84720 flops
Time of   160-relation= 0.000057 sec=    84580 flops
Time of   161-relation= 0.000057 sec=    85105 flops
Time of   162-relation= 0.000058 sec=    85479 flops
Time of   163-relation= 0.000058 sec=    85203 flops
Time of   164-relation= 0.000058 sec=    85363 flops
Time of   165-relation= 0.000058 sec=    86254 flops
Time of   166-relation= 0.000058 sec=    86220 flops
Time of   167-relation= 0.000058 sec=    86311 flops
Time of   168-relation= 0.000059 sec=    87208 flops
Time of   169-relation= 0.000059 sec=    87299 flops
Time of   170-relation= 0.000059 sec=    87146 flops
Time of   171-relation= 0.000059 sec=    87340 flops
Time of   172-relation= 0.000059 sec=    87891 flops
Time of   173-relation= 0.000059 sec=    88085 flops
Time of   174-relation= 0.000060 sec=    88139 flops
Time of   175-relation= 0.000060 sec=    88742 flops
Time of   176-relation= 0.000060 sec=    88710 flops
Time of   177-relation= 0.000060 sec=    88774 flops
Time of   178-relation= 0.000060 sec=    88927 flops
Time of   179-relation= 0.000061 sec=    89702 flops
Time of   180-relation= 0.000061 sec=    90571 flops
Time of   181-relation= 0.000061 sec=    89967 flops
Time of   182-relation= 0.000061 sec=    90005 flops
Time of   183-relation= 0.000061 sec=    90667 flops
Time of   184-relation= 0.000061 sec=    90563 flops
Time of   185-relation= 0.000062 sec=    91464 flops
Time of   186-relation= 0.000062 sec=    91310 flops
Time of   187-relation= 0.000062 sec=    91648 flops
Time of   188-relation= 0.000062 sec=    91717 flops
Time of   189-relation= 0.000062 sec=    92467 flops
Time of   190-relation= 0.000063 sec=    92639 flops
Time of   191-relation= 0.000062 sec=    92523 flops
Time of   192-relation= 0.000063 sec=    92862 flops
Time of   193-relation= 0.000063 sec=    93336 flops
Time of   194-relation= 0.000063 sec=    93292 flops
Time of   195-relation= 0.000063 sec=    93650 flops
Time of   196-relation= 0.000063 sec=    93620 flops
Time of   197-relation= 0.000064 sec=    94257 flops
Time of   198-relation= 0.000063 sec=    93889 flops
Time of   199-relation= 0.000064 sec=    94485 flops
Time of   200-relation= 0.000064 sec=    94946 flops
Time of   201-relation= 0.000064 sec=    94984 flops
Time of   202-relation= 0.000065 sec=    95645 flops
Time of   203-relation= 0.000065 sec=    95783 flops
Time of   204-relation= 0.000065 sec=    95725 flops
Time of   205-relation= 0.000065 sec=    96265 flops
Time of   206-relation= 0.000065 sec=    96450 flops
Time of   207-relation= 0.000065 sec=    96304 flops
Time of   208-relation= 0.000066 sec=    97039 flops
Time of   209-relation= 0.000066 sec=    97223 flops
Time of   210-relation= 0.000066 sec=    97194 flops
Time of   211-relation= 0.000066 sec=    97135 flops
Time of   212-relation= 0.000066 sec=    97523 flops
Time of   213-relation= 0.000066 sec=    97865 flops
Time of   214-relation= 0.000066 sec=    98092 flops
Time of   215-relation= 0.000067 sec=    98491 flops
Time of   216-relation= 0.000067 sec=    98883 flops
Time of   217-relation= 0.000067 sec=    99126 flops
Time of   218-relation= 0.000067 sec=    99678 flops
Time of   219-relation= 0.000067 sec=    99902 flops
Time of   220-relation= 0.000067 sec=    99844 flops
Time of   221-relation= 0.000068 sec=   100254 flops
Time of   222-relation= 0.000068 sec=   100537 flops
Time of   223-relation= 0.000068 sec=   100332 flops
Time of   224-relation= 0.000068 sec=   100860 flops
Time of   225-relation= 0.000068 sec=   100950 flops
Time of   226-relation= 0.000068 sec=   101059 flops
Time of   227-relation= 0.000069 sec=   101589 flops
Time of   228-relation= 0.000069 sec=   101761 flops
Time of   229-relation= 0.000069 sec=   101691 flops
Time of   230-relation= 0.000069 sec=   102140 flops
Time of   231-relation= 0.000069 sec=   102342 flops
Time of   232-relation= 0.000069 sec=   102750 flops
Time of   233-relation= 0.000069 sec=   102587 flops
Time of   234-relation= 0.000070 sec=   103848 flops
Time of   235-relation= 0.000070 sec=   103394 flops
Time of   236-relation= 0.000070 sec=   103950 flops
Time of   237-relation= 0.000071 sec=   104419 flops
Time of   238-relation= 0.000071 sec=   104393 flops
Time of   239-relation= 0.000071 sec=   104756 flops
Time of   240-relation= 0.000071 sec=   104809 flops
Time of   241-relation= 0.000075 sec=   111257 flops
Time of   242-relation= 0.000075 sec=   110389 flops
Time of   243-relation= 0.000077 sec=   114727 flops
Time of   244-relation= 0.000077 sec=   114028 flops
Time of   245-relation= 0.000078 sec=   115532 flops
Time of   246-relation= 0.000078 sec=   115802 flops
Time of   247-relation= 0.000079 sec=   116667 flops
Time of   248-relation= 0.000079 sec=   116605 flops
Time of   249-relation= 0.000079 sec=   116611 flops
Time of   250-relation= 0.000079 sec=   116843 flops
Time of   251-relation= 0.000079 sec=   117279 flops
Time of   252-relation= 0.000079 sec=   117232 flops
Time of   253-relation= 0.000080 sec=   117713 flops
Time of   254-relation= 0.000080 sec=   117754 flops
Time of   255-relation= 0.000080 sec=   117843 flops
Time of   256-relation= 0.000080 sec=   118296 flops
size of double = 8 bytes
Range h=0 to p   : g= 252.2, l= 43062.0
Range h=p to HMAX: g= 267.0, l= 42900.9
The bottom line for this BSP computer is:
p= 4, r= 1480.638 Mflop/s, g= 267.0, l= 42900.9
