n=     1 min=  98.769 max= 105.269 av= 104.611 Mflop/s  fool=    0.0
n=     2 min= 195.115 max= 200.010 av= 197.844 Mflop/s  fool=   -9.1
n=     4 min= 344.079 max= 351.650 av= 349.271 Mflop/s  fool=  -27.3
n=     8 min= 561.388 max= 571.448 av= 567.242 Mflop/s  fool=  -63.8
n=    16 min= 820.507 max= 825.806 av= 823.242 Mflop/s  fool= -136.7
n=    32 min= 1053.515 max= 1066.679 av= 1062.797 Mflop/s  fool= -282.4
n=    64 min= 1084.748 max= 1245.750 av= 1241.009 Mflop/s  fool= -574.0
n=   128 min= 1354.495 max= 1361.709 av= 1359.583 Mflop/s  fool=-1157.1
n=   256 min= 1420.250 max= 1426.182 av= 1424.325 Mflop/s  fool=-2323.3
n=   512 min= 1286.027 max= 1462.335 av= 1458.415 Mflop/s  fool=-4655.8
n=  1024 min= 1478.700 max= 1481.107 av= 1480.354 Mflop/s  fool=-9320.7
Time of     0-relation= 0.001578 sec=  2335846 flops
Time of     1-relation= 0.001576 sec=  2332537 flops
Time of     2-relation= 0.001579 sec=  2336885 flops
Time of     3-relation= 0.001579 sec=  2337088 flops
Time of     4-relation= 0.001576 sec=  2333420 flops
Time of     5-relation= 0.001575 sec=  2331764 flops
Time of     6-relation= 0.001573 sec=  2329320 flops
Time of     7-relation= 0.001573 sec=  2329082 flops
Time of     8-relation= 0.001578 sec=  2335511 flops
Time of     9-relation= 0.001576 sec=  2332394 flops
Time of    10-relation= 0.001576 sec=  2332387 flops
Time of    11-relation= 0.001579 sec=  2337875 flops
Time of    12-relation= 0.001580 sec=  2338696 flops
Time of    13-relation= 0.001577 sec=  2334738 flops
Time of    14-relation= 0.001576 sec=  2333309 flops
Time of    15-relation= 0.001578 sec=  2336477 flops
Time of    16-relation= 0.001573 sec=  2329148 flops
Time of    17-relation= 0.001578 sec=  2336183 flops
Time of    18-relation= 0.001577 sec=  2334242 flops
Time of    19-relation= 0.001577 sec=  2333901 flops
Time of    20-relation= 0.001575 sec=  2332140 flops
Time of    21-relation= 0.001579 sec=  2337804 flops
Time of    22-relation= 0.001577 sec=  2333919 flops
Time of    23-relation= 0.001579 sec=  2336831 flops
Time of    24-relation= 0.001578 sec=  2335867 flops
Time of    25-relation= 0.001577 sec=  2334826 flops
Time of    26-relation= 0.001579 sec=  2337356 flops
Time of    27-relation= 0.001577 sec=  2334972 flops
Time of    28-relation= 0.001579 sec=  2336918 flops
Time of    29-relation= 0.001578 sec=  2335594 flops
Time of    30-relation= 0.001578 sec=  2335653 flops
Time of    31-relation= 0.001577 sec=  2335133 flops
Time of    32-relation= 0.001577 sec=  2334422 flops
Time of    33-relation= 0.001579 sec=  2337648 flops
Time of    34-relation= 0.001580 sec=  2338959 flops
Time of    35-relation= 0.001580 sec=  2338560 flops
Time of    36-relation= 0.001579 sec=  2337710 flops
Time of    37-relation= 0.001578 sec=  2335630 flops
Time of    38-relation= 0.001578 sec=  2336208 flops
Time of    39-relation= 0.001578 sec=  2335279 flops
Time of    40-relation= 0.001583 sec=  2343629 flops
Time of    41-relation= 0.001578 sec=  2336723 flops
Time of    42-relation= 0.001581 sec=  2339955 flops
Time of    43-relation= 0.001578 sec=  2336578 flops
Time of    44-relation= 0.001578 sec=  2336229 flops
Time of    45-relation= 0.001580 sec=  2339025 flops
Time of    46-relation= 0.001576 sec=  2332433 flops
Time of    47-relation= 0.001582 sec=  2341334 flops
Time of    48-relation= 0.001580 sec=  2339054 flops
Time of    49-relation= 0.001581 sec=  2339847 flops
Time of    50-relation= 0.001580 sec=  2339296 flops
Time of    51-relation= 0.001582 sec=  2342171 flops
Time of    52-relation= 0.001579 sec=  2337012 flops
Time of    53-relation= 0.001579 sec=  2337167 flops
Time of    54-relation= 0.001581 sec=  2340635 flops
Time of    55-relation= 0.001581 sec=  2339774 flops
Time of    56-relation= 0.001580 sec=  2339435 flops
Time of    57-relation= 0.001578 sec=  2335687 flops
Time of    58-relation= 0.001582 sec=  2341834 flops
Time of    59-relation= 0.001579 sec=  2338042 flops
Time of    60-relation= 0.001582 sec=  2342465 flops
Time of    61-relation= 0.001580 sec=  2339020 flops
Time of    62-relation= 0.001581 sec=  2339801 flops
Time of    63-relation= 0.001581 sec=  2340101 flops
Time of    64-relation= 0.001581 sec=  2340191 flops
Time of    65-relation= 0.001588 sec=  2350189 flops
Time of    66-relation= 0.001587 sec=  2349595 flops
Time of    67-relation= 0.001582 sec=  2342320 flops
Time of    68-relation= 0.001584 sec=  2345125 flops
Time of    69-relation= 0.001584 sec=  2345065 flops
Time of    70-relation= 0.001585 sec=  2346293 flops
Time of    71-relation= 0.001585 sec=  2345931 flops
Time of    72-relation= 0.001584 sec=  2345441 flops
Time of    73-relation= 0.001584 sec=  2344185 flops
Time of    74-relation= 0.001584 sec=  2344494 flops
Time of    75-relation= 0.001583 sec=  2343726 flops
Time of    76-relation= 0.001583 sec=  2344134 flops
Time of    77-relation= 0.001582 sec=  2342532 flops
Time of    78-relation= 0.001586 sec=  2347561 flops
Time of    79-relation= 0.001586 sec=  2347638 flops
Time of    80-relation= 0.001583 sec=  2343947 flops
Time of    81-relation= 0.001586 sec=  2348350 flops
Time of    82-relation= 0.001585 sec=  2347040 flops
Time of    83-relation= 0.001586 sec=  2347787 flops
Time of    84-relation= 0.001585 sec=  2346584 flops
Time of    85-relation= 0.001588 sec=  2351505 flops
Time of    86-relation= 0.001588 sec=  2350675 flops
Time of    87-relation= 0.001587 sec=  2348953 flops
Time of    88-relation= 0.001585 sec=  2346777 flops
Time of    89-relation= 0.001587 sec=  2349233 flops
Time of    90-relation= 0.001588 sec=  2350392 flops
Time of    91-relation= 0.001582 sec=  2341971 flops
Time of    92-relation= 0.001585 sec=  2346804 flops
Time of    93-relation= 0.001587 sec=  2349688 flops
Time of    94-relation= 0.001583 sec=  2342961 flops
Time of    95-relation= 0.001589 sec=  2352929 flops
Time of    96-relation= 0.001585 sec=  2346971 flops
Time of    97-relation= 0.001585 sec=  2346034 flops
Time of    98-relation= 0.001585 sec=  2346059 flops
Time of    99-relation= 0.001585 sec=  2345715 flops
Time of   100-relation= 0.001586 sec=  2348552 flops
Time of   101-relation= 0.001584 sec=  2345147 flops
Time of   102-relation= 0.001586 sec=  2347958 flops
Time of   103-relation= 0.001588 sec=  2350322 flops
Time of   104-relation= 0.001582 sec=  2342259 flops
Time of   105-relation= 0.001587 sec=  2349727 flops
Time of   106-relation= 0.001584 sec=  2345214 flops
Time of   107-relation= 0.001587 sec=  2349590 flops
Time of   108-relation= 0.001586 sec=  2347216 flops
Time of   109-relation= 0.001586 sec=  2348364 flops
Time of   110-relation= 0.001586 sec=  2348206 flops
Time of   111-relation= 0.001589 sec=  2351681 flops
Time of   112-relation= 0.001584 sec=  2344194 flops
Time of   113-relation= 0.001590 sec=  2353649 flops
Time of   114-relation= 0.001586 sec=  2348558 flops
Time of   115-relation= 0.001590 sec=  2353255 flops
Time of   116-relation= 0.001584 sec=  2344508 flops
Time of   117-relation= 0.001588 sec=  2350124 flops
Time of   118-relation= 0.001586 sec=  2347956 flops
Time of   119-relation= 0.001588 sec=  2351096 flops
Time of   120-relation= 0.001588 sec=  2350467 flops
Time of   121-relation= 0.001588 sec=  2350677 flops
Time of   122-relation= 0.001585 sec=  2346591 flops
Time of   123-relation= 0.001586 sec=  2347853 flops
Time of   124-relation= 0.001588 sec=  2350105 flops
Time of   125-relation= 0.001587 sec=  2349047 flops
Time of   126-relation= 0.001587 sec=  2348696 flops
Time of   127-relation= 0.001591 sec=  2355339 flops
Time of   128-relation= 0.001595 sec=  2361182 flops
Time of   129-relation= 0.001599 sec=  2366685 flops
Time of   130-relation= 0.001618 sec=  2394555 flops
Time of   131-relation= 0.001637 sec=  2423660 flops
Time of   132-relation= 0.001613 sec=  2388276 flops
Time of   133-relation= 0.001615 sec=  2390262 flops
Time of   134-relation= 0.001622 sec=  2401791 flops
Time of   135-relation= 0.001624 sec=  2403992 flops
Time of   136-relation= 0.001633 sec=  2417407 flops
Time of   137-relation= 0.001640 sec=  2427275 flops
Time of   138-relation= 0.001644 sec=  2434332 flops
Time of   139-relation= 0.001651 sec=  2444614 flops
Time of   140-relation= 0.001656 sec=  2451681 flops
Time of   141-relation= 0.001662 sec=  2459620 flops
Time of   142-relation= 0.001666 sec=  2466123 flops
Time of   143-relation= 0.001672 sec=  2474620 flops
Time of   144-relation= 0.001675 sec=  2480321 flops
Time of   145-relation= 0.001681 sec=  2489027 flops
Time of   146-relation= 0.001688 sec=  2499085 flops
Time of   147-relation= 0.001693 sec=  2506967 flops
Time of   148-relation= 0.001697 sec=  2511975 flops
Time of   149-relation= 0.001696 sec=  2510274 flops
Time of   150-relation= 0.001699 sec=  2514689 flops
Time of   151-relation= 0.001697 sec=  2512215 flops
Time of   152-relation= 0.001699 sec=  2514613 flops
Time of   153-relation= 0.001700 sec=  2516202 flops
Time of   154-relation= 0.001708 sec=  2528094 flops
Time of   155-relation= 0.001703 sec=  2521759 flops
Time of   156-relation= 0.001699 sec=  2515753 flops
Time of   157-relation= 0.001706 sec=  2526178 flops
Time of   158-relation= 0.001715 sec=  2538760 flops
Time of   159-relation= 0.001722 sec=  2548858 flops
Time of   160-relation= 0.001724 sec=  2551691 flops
Time of   161-relation= 0.001726 sec=  2555060 flops
Time of   162-relation= 0.001728 sec=  2558403 flops
Time of   163-relation= 0.001734 sec=  2566220 flops
Time of   164-relation= 0.001744 sec=  2581417 flops
Time of   165-relation= 0.001742 sec=  2578765 flops
Time of   166-relation= 0.001737 sec=  2571730 flops
Time of   167-relation= 0.001746 sec=  2584077 flops
Time of   168-relation= 0.001747 sec=  2586856 flops
Time of   169-relation= 0.001745 sec=  2583798 flops
Time of   170-relation= 0.001743 sec=  2580858 flops
Time of   171-relation= 0.001747 sec=  2585972 flops
Time of   172-relation= 0.001744 sec=  2581182 flops
Time of   173-relation= 0.001745 sec=  2583297 flops
Time of   174-relation= 0.001749 sec=  2589412 flops
Time of   175-relation= 0.001746 sec=  2584448 flops
Time of   176-relation= 0.001781 sec=  2636007 flops
Time of   177-relation= 0.001753 sec=  2594606 flops
Time of   178-relation= 0.001752 sec=  2593701 flops
Time of   179-relation= 0.001749 sec=  2588933 flops
Time of   180-relation= 0.001754 sec=  2596176 flops
Time of   181-relation= 0.001753 sec=  2594830 flops
Time of   182-relation= 0.001753 sec=  2594574 flops
Time of   183-relation= 0.001754 sec=  2596822 flops
Time of   184-relation= 0.001756 sec=  2599204 flops
Time of   185-relation= 0.001757 sec=  2601455 flops
Time of   186-relation= 0.001760 sec=  2605711 flops
Time of   187-relation= 0.001759 sec=  2603795 flops
Time of   188-relation= 0.001759 sec=  2603370 flops
Time of   189-relation= 0.001759 sec=  2603660 flops
Time of   190-relation= 0.001761 sec=  2606633 flops
Time of   191-relation= 0.001760 sec=  2605768 flops
Time of   192-relation= 0.001761 sec=  2606712 flops
Time of   193-relation= 0.001763 sec=  2609899 flops
Time of   194-relation= 0.001764 sec=  2611475 flops
Time of   195-relation= 0.001761 sec=  2606554 flops
Time of   196-relation= 0.001761 sec=  2607571 flops
Time of   197-relation= 0.001759 sec=  2604206 flops
Time of   198-relation= 0.001760 sec=  2604799 flops
Time of   199-relation= 0.001760 sec=  2605767 flops
Time of   200-relation= 0.001759 sec=  2604462 flops
Time of   201-relation= 0.001760 sec=  2605059 flops
Time of   202-relation= 0.001764 sec=  2610938 flops
Time of   203-relation= 0.001759 sec=  2603891 flops
Time of   204-relation= 0.001765 sec=  2613197 flops
Time of   205-relation= 0.001756 sec=  2599214 flops
Time of   206-relation= 0.001758 sec=  2602968 flops
Time of   207-relation= 0.001761 sec=  2606480 flops
Time of   208-relation= 0.001759 sec=  2603908 flops
Time of   209-relation= 0.001759 sec=  2603560 flops
Time of   210-relation= 0.001761 sec=  2607616 flops
Time of   211-relation= 0.001757 sec=  2600970 flops
Time of   212-relation= 0.001760 sec=  2604702 flops
Time of   213-relation= 0.001760 sec=  2604934 flops
Time of   214-relation= 0.001760 sec=  2605761 flops
Time of   215-relation= 0.001762 sec=  2608591 flops
Time of   216-relation= 0.001757 sec=  2601194 flops
Time of   217-relation= 0.001759 sec=  2604167 flops
Time of   218-relation= 0.001762 sec=  2608343 flops
Time of   219-relation= 0.001761 sec=  2606943 flops
Time of   220-relation= 0.001760 sec=  2605164 flops
Time of   221-relation= 0.001760 sec=  2605107 flops
Time of   222-relation= 0.001759 sec=  2603529 flops
Time of   223-relation= 0.001760 sec=  2604694 flops
Time of   224-relation= 0.001760 sec=  2605406 flops
Time of   225-relation= 0.001762 sec=  2608662 flops
Time of   226-relation= 0.001762 sec=  2608124 flops
Time of   227-relation= 0.001758 sec=  2601864 flops
Time of   228-relation= 0.001758 sec=  2602556 flops
Time of   229-relation= 0.001759 sec=  2604472 flops
Time of   230-relation= 0.001759 sec=  2603454 flops
Time of   231-relation= 0.001760 sec=  2604889 flops
Time of   232-relation= 0.001763 sec=  2610167 flops
Time of   233-relation= 0.001759 sec=  2603982 flops
Time of   234-relation= 0.001761 sec=  2607280 flops
Time of   235-relation= 0.001762 sec=  2608324 flops
Time of   236-relation= 0.001764 sec=  2611262 flops
Time of   237-relation= 0.001758 sec=  2601743 flops
Time of   238-relation= 0.001760 sec=  2606044 flops
Time of   239-relation= 0.001757 sec=  2600662 flops
Time of   240-relation= 0.001763 sec=  2609195 flops
Time of   241-relation= 0.001760 sec=  2605152 flops
Time of   242-relation= 0.001766 sec=  2614083 flops
Time of   243-relation= 0.001762 sec=  2607893 flops
Time of   244-relation= 0.001759 sec=  2603500 flops
Time of   245-relation= 0.001761 sec=  2606881 flops
Time of   246-relation= 0.001759 sec=  2604000 flops
Time of   247-relation= 0.001763 sec=  2609742 flops
Time of   248-relation= 0.001761 sec=  2607624 flops
Time of   249-relation= 0.001763 sec=  2610038 flops
Time of   250-relation= 0.001759 sec=  2604300 flops
Time of   251-relation= 0.001761 sec=  2606587 flops
Time of   252-relation= 0.001766 sec=  2614750 flops
Time of   253-relation= 0.001761 sec=  2606842 flops
Time of   254-relation= 0.001762 sec=  2608728 flops
Time of   255-relation= 0.001763 sec=  2609645 flops
Time of   256-relation= 0.001758 sec=  2602212 flops
size of double = 8 bytes
Range h=0 to p   : g= 113.1, l= 2332990.5
Range h=p to HMAX: g= 1927.5, l= 2186074.4
The bottom line for this BSP computer is:
p= 64, r= 1480.354 Mflop/s, g= 1927.5, l= 2186074.4
