n=     1 min= 105.262 max= 105.262 av= 105.262 Mflop/s  fool=    0.0
n=     2 min= 197.527 max= 197.527 av= 197.527 Mflop/s  fool=   -9.1
n=     4 min= 351.650 max= 351.650 av= 351.650 Mflop/s  fool=  -27.3
n=     8 min= 566.362 max= 566.362 av= 566.362 Mflop/s  fool=  -63.8
n=    16 min= 825.806 max= 825.806 av= 825.806 Mflop/s  fool= -136.7
n=    32 min= 1066.659 max= 1066.659 av= 1066.659 Mflop/s  fool= -282.4
n=    64 min= 1245.750 max= 1245.750 av= 1245.750 Mflop/s  fool= -574.0
n=   128 min= 1358.092 max= 1358.092 av= 1358.092 Mflop/s  fool=-1157.1
n=   256 min= 1426.182 max= 1426.182 av= 1426.182 Mflop/s  fool=-2323.3
n=   512 min= 1460.771 max= 1460.771 av= 1460.771 Mflop/s  fool=-4655.8
n=  1024 min= 1462.335 max= 1462.335 av= 1462.335 Mflop/s  fool=-9320.7
Time of     0-relation= 0.000006 sec=     8210 flops
Time of     1-relation= 0.000006 sec=     8565 flops
Time of     2-relation= 0.000006 sec=     8806 flops
Time of     3-relation= 0.000006 sec=     8650 flops
Time of     4-relation= 0.000006 sec=     8803 flops
Time of     5-relation= 0.000006 sec=     8987 flops
Time of     6-relation= 0.000006 sec=     9236 flops
Time of     7-relation= 0.000006 sec=     9385 flops
Time of     8-relation= 0.000007 sec=     9564 flops
Time of     9-relation= 0.000007 sec=     9768 flops
Time of    10-relation= 0.000007 sec=     9982 flops
Time of    11-relation= 0.000007 sec=    10306 flops
Time of    12-relation= 0.000007 sec=    10425 flops
Time of    13-relation= 0.000007 sec=    10636 flops
Time of    14-relation= 0.000007 sec=    10813 flops
Time of    15-relation= 0.000008 sec=    11022 flops
Time of    16-relation= 0.000008 sec=    11236 flops
Time of    17-relation= 0.000008 sec=    11497 flops
Time of    18-relation= 0.000008 sec=    11639 flops
Time of    19-relation= 0.000008 sec=    11838 flops
Time of    20-relation= 0.000008 sec=    12049 flops
Time of    21-relation= 0.000008 sec=    12318 flops
Time of    22-relation= 0.000009 sec=    12471 flops
Time of    23-relation= 0.000009 sec=    12692 flops
Time of    24-relation= 0.000009 sec=    12910 flops
Time of    25-relation= 0.000009 sec=    13067 flops
Time of    26-relation= 0.000009 sec=    13353 flops
Time of    27-relation= 0.000009 sec=    13483 flops
Time of    28-relation= 0.000009 sec=    13680 flops
Time of    29-relation= 0.000010 sec=    13927 flops
Time of    30-relation= 0.000010 sec=    14139 flops
Time of    31-relation= 0.000010 sec=    14315 flops
Time of    32-relation= 0.000010 sec=    14533 flops
Time of    33-relation= 0.000010 sec=    14732 flops
Time of    34-relation= 0.000010 sec=    14987 flops
Time of    35-relation= 0.000010 sec=    15129 flops
Time of    36-relation= 0.000010 sec=    15348 flops
Time of    37-relation= 0.000011 sec=    15560 flops
Time of    38-relation= 0.000011 sec=    15838 flops
Time of    39-relation= 0.000011 sec=    15981 flops
Time of    40-relation= 0.000011 sec=    16171 flops
Time of    41-relation= 0.000011 sec=    16489 flops
Time of    42-relation= 0.000011 sec=    16593 flops
Time of    43-relation= 0.000011 sec=    16812 flops
Time of    44-relation= 0.000012 sec=    17017 flops
Time of    45-relation= 0.000012 sec=    17253 flops
Time of    46-relation= 0.000012 sec=    17435 flops
Time of    47-relation= 0.000012 sec=    17622 flops
Time of    48-relation= 0.000012 sec=    17889 flops
Time of    49-relation= 0.000012 sec=    18034 flops
Time of    50-relation= 0.000012 sec=    18243 flops
Time of    51-relation= 0.000013 sec=    18596 flops
Time of    52-relation= 0.000013 sec=    18628 flops
Time of    53-relation= 0.000013 sec=    18837 flops
Time of    54-relation= 0.000013 sec=    19107 flops
Time of    55-relation= 0.000013 sec=    19249 flops
Time of    56-relation= 0.000013 sec=    19430 flops
Time of    57-relation= 0.000013 sec=    19697 flops
Time of    58-relation= 0.000014 sec=    19842 flops
Time of    59-relation= 0.000014 sec=    20048 flops
Time of    60-relation= 0.000014 sec=    20319 flops
Time of    61-relation= 0.000014 sec=    20481 flops
Time of    62-relation= 0.000014 sec=    20651 flops
Time of    63-relation= 0.000014 sec=    20935 flops
Time of    64-relation= 0.000014 sec=    21076 flops
Time of    65-relation= 0.000015 sec=    21283 flops
Time of    66-relation= 0.000015 sec=    21503 flops
Time of    67-relation= 0.000015 sec=    21738 flops
Time of    68-relation= 0.000015 sec=    21944 flops
Time of    69-relation= 0.000015 sec=    22102 flops
Time of    70-relation= 0.000015 sec=    22318 flops
Time of    71-relation= 0.000015 sec=    22604 flops
Time of    72-relation= 0.000016 sec=    22788 flops
Time of    73-relation= 0.000016 sec=    22998 flops
Time of    74-relation= 0.000016 sec=    23159 flops
Time of    75-relation= 0.000016 sec=    23368 flops
Time of    76-relation= 0.000016 sec=    23622 flops
Time of    77-relation= 0.000016 sec=    23771 flops
Time of    78-relation= 0.000016 sec=    24043 flops
Time of    79-relation= 0.000017 sec=    24194 flops
Time of    80-relation= 0.000017 sec=    24409 flops
Time of    81-relation= 0.000017 sec=    24732 flops
Time of    82-relation= 0.000017 sec=    24428 flops
Time of    83-relation= 0.000017 sec=    24677 flops
Time of    84-relation= 0.000017 sec=    24814 flops
Time of    85-relation= 0.000017 sec=    25067 flops
Time of    86-relation= 0.000017 sec=    25211 flops
Time of    87-relation= 0.000017 sec=    25468 flops
Time of    88-relation= 0.000018 sec=    25598 flops
Time of    89-relation= 0.000018 sec=    25796 flops
Time of    90-relation= 0.000018 sec=    26052 flops
Time of    91-relation= 0.000018 sec=    26202 flops
Time of    92-relation= 0.000018 sec=    26465 flops
Time of    93-relation= 0.000018 sec=    26591 flops
Time of    94-relation= 0.000018 sec=    26841 flops
Time of    95-relation= 0.000018 sec=    26997 flops
Time of    96-relation= 0.000019 sec=    27252 flops
Time of    97-relation= 0.000019 sec=    27399 flops
Time of    98-relation= 0.000019 sec=    27653 flops
Time of    99-relation= 0.000019 sec=    27768 flops
Time of   100-relation= 0.000019 sec=    28029 flops
Time of   101-relation= 0.000019 sec=    28179 flops
Time of   102-relation= 0.000019 sec=    28439 flops
Time of   103-relation= 0.000020 sec=    28586 flops
Time of   104-relation= 0.000020 sec=    28790 flops
Time of   105-relation= 0.000020 sec=    29011 flops
Time of   106-relation= 0.000020 sec=    29163 flops
Time of   107-relation= 0.000020 sec=    29298 flops
Time of   108-relation= 0.000020 sec=    29568 flops
Time of   109-relation= 0.000020 sec=    29689 flops
Time of   110-relation= 0.000021 sec=    30046 flops
Time of   111-relation= 0.000021 sec=    30094 flops
Time of   112-relation= 0.000021 sec=    30346 flops
Time of   113-relation= 0.000021 sec=    30488 flops
Time of   114-relation= 0.000021 sec=    30783 flops
Time of   115-relation= 0.000021 sec=    30897 flops
Time of   116-relation= 0.000021 sec=    31157 flops
Time of   117-relation= 0.000021 sec=    31300 flops
Time of   118-relation= 0.000022 sec=    31553 flops
Time of   119-relation= 0.000022 sec=    31717 flops
Time of   120-relation= 0.000022 sec=    31932 flops
Time of   121-relation= 0.000022 sec=    32098 flops
Time of   122-relation= 0.000022 sec=    32310 flops
Time of   123-relation= 0.000022 sec=    32557 flops
Time of   124-relation= 0.000022 sec=    32701 flops
Time of   125-relation= 0.000023 sec=    33063 flops
Time of   126-relation= 0.000023 sec=    33194 flops
Time of   127-relation= 0.000023 sec=    33455 flops
Time of   128-relation= 0.000023 sec=    33659 flops
Time of   129-relation= 0.000023 sec=    33811 flops
Time of   130-relation= 0.000023 sec=    34070 flops
Time of   131-relation= 0.000023 sec=    34322 flops
Time of   132-relation= 0.000024 sec=    34450 flops
Time of   133-relation= 0.000024 sec=    34604 flops
Time of   134-relation= 0.000024 sec=    34852 flops
Time of   135-relation= 0.000024 sec=    35065 flops
Time of   136-relation= 0.000024 sec=    35328 flops
Time of   137-relation= 0.000024 sec=    35446 flops
Time of   138-relation= 0.000024 sec=    35671 flops
Time of   139-relation= 0.000024 sec=    35818 flops
Time of   140-relation= 0.000025 sec=    36071 flops
Time of   141-relation= 0.000025 sec=    36205 flops
Time of   142-relation= 0.000025 sec=    36452 flops
Time of   143-relation= 0.000025 sec=    36661 flops
Time of   144-relation= 0.000025 sec=    36808 flops
Time of   145-relation= 0.000025 sec=    37056 flops
Time of   146-relation= 0.000025 sec=    37280 flops
Time of   147-relation= 0.000026 sec=    37395 flops
Time of   148-relation= 0.000026 sec=    37679 flops
Time of   149-relation= 0.000026 sec=    37861 flops
Time of   150-relation= 0.000026 sec=    38011 flops
Time of   151-relation= 0.000026 sec=    38273 flops
Time of   152-relation= 0.000026 sec=    38401 flops
Time of   153-relation= 0.000026 sec=    38655 flops
Time of   154-relation= 0.000027 sec=    38849 flops
Time of   155-relation= 0.000027 sec=    39009 flops
Time of   156-relation= 0.000027 sec=    39217 flops
Time of   157-relation= 0.000027 sec=    39458 flops
Time of   158-relation= 0.000027 sec=    39665 flops
Time of   159-relation= 0.000027 sec=    39815 flops
Time of   160-relation= 0.000027 sec=    40082 flops
Time of   161-relation= 0.000028 sec=    40273 flops
Time of   162-relation= 0.000028 sec=    40436 flops
Time of   163-relation= 0.000028 sec=    40665 flops
Time of   164-relation= 0.000028 sec=    40872 flops
Time of   165-relation= 0.000028 sec=    41029 flops
Time of   166-relation= 0.000028 sec=    41274 flops
Time of   167-relation= 0.000028 sec=    41500 flops
Time of   168-relation= 0.000028 sec=    41673 flops
Time of   169-relation= 0.000029 sec=    42018 flops
Time of   170-relation= 0.000029 sec=    42119 flops
Time of   171-relation= 0.000029 sec=    42313 flops
Time of   172-relation= 0.000029 sec=    42484 flops
Time of   173-relation= 0.000029 sec=    42709 flops
Time of   174-relation= 0.000029 sec=    43076 flops
Time of   175-relation= 0.000029 sec=    43121 flops
Time of   176-relation= 0.000030 sec=    43279 flops
Time of   177-relation= 0.000030 sec=    43518 flops
Time of   178-relation= 0.000030 sec=    43736 flops
Time of   179-relation= 0.000030 sec=    43901 flops
Time of   180-relation= 0.000030 sec=    44064 flops
Time of   181-relation= 0.000030 sec=    44313 flops
Time of   182-relation= 0.000030 sec=    44522 flops
Time of   183-relation= 0.000031 sec=    44717 flops
Time of   184-relation= 0.000031 sec=    44878 flops
Time of   185-relation= 0.000031 sec=    45048 flops
Time of   186-relation= 0.000031 sec=    45313 flops
Time of   187-relation= 0.000031 sec=    45528 flops
Time of   188-relation= 0.000031 sec=    45729 flops
Time of   189-relation= 0.000031 sec=    45860 flops
Time of   190-relation= 0.000032 sec=    46089 flops
Time of   191-relation= 0.000032 sec=    46324 flops
Time of   192-relation= 0.000032 sec=    46525 flops
Time of   193-relation= 0.000032 sec=    46736 flops
Time of   194-relation= 0.000032 sec=    46884 flops
Time of   195-relation= 0.000032 sec=    47296 flops
Time of   196-relation= 0.000032 sec=    47325 flops
Time of   197-relation= 0.000033 sec=    47527 flops
Time of   198-relation= 0.000033 sec=    47735 flops
Time of   199-relation= 0.000033 sec=    47956 flops
Time of   200-relation= 0.000033 sec=    48270 flops
Time of   201-relation= 0.000033 sec=    48340 flops
Time of   202-relation= 0.000033 sec=    48544 flops
Time of   203-relation= 0.000033 sec=    48741 flops
Time of   204-relation= 0.000033 sec=    48945 flops
Time of   205-relation= 0.000034 sec=    49120 flops
Time of   206-relation= 0.000034 sec=    49265 flops
Time of   207-relation= 0.000034 sec=    49556 flops
Time of   208-relation= 0.000034 sec=    49742 flops
Time of   209-relation= 0.000034 sec=    49942 flops
Time of   210-relation= 0.000034 sec=    50137 flops
Time of   211-relation= 0.000034 sec=    50339 flops
Time of   212-relation= 0.000035 sec=    50497 flops
Time of   213-relation= 0.000035 sec=    50655 flops
Time of   214-relation= 0.000035 sec=    50917 flops
Time of   215-relation= 0.000035 sec=    51117 flops
Time of   216-relation= 0.000035 sec=    51291 flops
Time of   217-relation= 0.000035 sec=    51505 flops
Time of   218-relation= 0.000035 sec=    51704 flops
Time of   219-relation= 0.000036 sec=    51913 flops
Time of   220-relation= 0.000036 sec=    52099 flops
Time of   221-relation= 0.000036 sec=    52287 flops
Time of   222-relation= 0.000036 sec=    52476 flops
Time of   223-relation= 0.000036 sec=    52651 flops
Time of   224-relation= 0.000036 sec=    52895 flops
Time of   225-relation= 0.000036 sec=    53096 flops
Time of   226-relation= 0.000036 sec=    53309 flops
Time of   227-relation= 0.000037 sec=    53478 flops
Time of   228-relation= 0.000037 sec=    53709 flops
Time of   229-relation= 0.000037 sec=    53912 flops
Time of   230-relation= 0.000037 sec=    54087 flops
Time of   231-relation= 0.000037 sec=    54312 flops
Time of   232-relation= 0.000037 sec=    54505 flops
Time of   233-relation= 0.000038 sec=    54930 flops
Time of   234-relation= 0.000038 sec=    54927 flops
Time of   235-relation= 0.000038 sec=    55134 flops
Time of   236-relation= 0.000038 sec=    55337 flops
Time of   237-relation= 0.000038 sec=    55461 flops
Time of   238-relation= 0.000038 sec=    55940 flops
Time of   239-relation= 0.000038 sec=    55935 flops
Time of   240-relation= 0.000038 sec=    56134 flops
Time of   241-relation= 0.000039 sec=    56332 flops
Time of   242-relation= 0.000039 sec=    56536 flops
Time of   243-relation= 0.000039 sec=    56718 flops
Time of   244-relation= 0.000039 sec=    56927 flops
Time of   245-relation= 0.000039 sec=    57136 flops
Time of   246-relation= 0.000039 sec=    57325 flops
Time of   247-relation= 0.000039 sec=    57548 flops
Time of   248-relation= 0.000039 sec=    57711 flops
Time of   249-relation= 0.000040 sec=    57922 flops
Time of   250-relation= 0.000040 sec=    58124 flops
Time of   251-relation= 0.000040 sec=    58335 flops
Time of   252-relation= 0.000040 sec=    58553 flops
Time of   253-relation= 0.000040 sec=    58613 flops
Time of   254-relation= 0.000040 sec=    58806 flops
Time of   255-relation= 0.000040 sec=    59002 flops
Time of   256-relation= 0.000040 sec=    59197 flops
size of double = 8 bytes
Range h=0 to p   : g= 355.3, l= 8209.6
Range h=p to HMAX: g= 199.8, l= 8140.4
The bottom line for this BSP computer is:
p= 1, r= 1462.335 Mflop/s, g= 199.8, l= 8140.4
p= 2, r= 1480.572 Mflop/s, g= 413.5, l= 23244.1
p= 4, r= 1480.638 Mflop/s, g= 267.0, l= 42900.9
p= 8, r= 1478.579 Mflop/s, g= 359.4, l= 140407.6
p= 16, r= 1477.364 Mflop/s, g= 475.0, l= 322366.5
p= 32, r= 1478.145 Mflop/s, g= 674.2, l= 786181.7
p= 64, r= 1480.354 Mflop/s, g= 1927.5, l= 2186074.4
