n=     1 min=  95.237 max= 105.269 av= 104.073 Mflop/s  fool=    0.0
n=     2 min= 192.772 max= 200.010 av= 197.851 Mflop/s  fool=   -9.1
n=     4 min= 344.079 max= 351.650 av= 348.906 Mflop/s  fool=  -27.3
n=     8 min= 561.411 max= 571.448 av= 567.479 Mflop/s  fool=  -63.8
n=    16 min= 815.299 max= 825.806 av= 822.665 Mflop/s  fool= -136.7
n=    32 min= 1053.495 max= 1066.679 av= 1062.110 Mflop/s  fool= -282.4
n=    64 min= 679.945 max= 1245.750 av= 1173.413 Mflop/s  fool= -574.0
n=   128 min= 562.328 max= 1361.700 av= 1235.144 Mflop/s  fool=-1157.1
n=   256 min= 1422.221 max= 1426.187 av= 1424.603 Mflop/s  fool=-2323.3
n=   512 min= 1429.669 max= 1462.335 av= 1459.719 Mflop/s  fool=-4655.8
n=  1024 min= 1447.095 max= 1481.106 av= 1477.527 Mflop/s  fool=-9320.7
Time of     0-relation= 0.000549 sec=   810592 flops
Time of     1-relation= 0.000705 sec=  1041932 flops
Time of     2-relation= 0.000708 sec=  1046511 flops
Time of     3-relation= 0.000708 sec=  1045394 flops
Time of     4-relation= 0.000706 sec=  1042898 flops
Time of     5-relation= 0.000706 sec=  1043264 flops
Time of     6-relation= 0.000711 sec=  1050764 flops
Time of     7-relation= 0.000709 sec=  1047393 flops
Time of     8-relation= 0.000708 sec=  1046136 flops
Time of     9-relation= 0.000710 sec=  1049107 flops
Time of    10-relation= 0.000712 sec=  1051861 flops
Time of    11-relation= 0.000709 sec=  1048027 flops
Time of    12-relation= 0.000709 sec=  1047046 flops
Time of    13-relation= 0.000707 sec=  1045311 flops
Time of    14-relation= 0.000711 sec=  1050664 flops
Time of    15-relation= 0.000710 sec=  1049517 flops
Time of    16-relation= 0.000708 sec=  1046803 flops
Time of    17-relation= 0.000709 sec=  1047891 flops
Time of    18-relation= 0.000712 sec=  1052138 flops
Time of    19-relation= 0.000712 sec=  1051889 flops
Time of    20-relation= 0.000710 sec=  1048971 flops
Time of    21-relation= 0.000711 sec=  1049829 flops
Time of    22-relation= 0.000715 sec=  1056130 flops
Time of    23-relation= 0.000713 sec=  1053656 flops
Time of    24-relation= 0.000711 sec=  1050297 flops
Time of    25-relation= 0.000710 sec=  1048901 flops
Time of    26-relation= 0.000715 sec=  1057127 flops
Time of    27-relation= 0.000713 sec=  1053575 flops
Time of    28-relation= 0.000712 sec=  1051939 flops
Time of    29-relation= 0.000712 sec=  1052628 flops
Time of    30-relation= 0.000717 sec=  1059086 flops
Time of    31-relation= 0.000715 sec=  1056566 flops
Time of    32-relation= 0.000713 sec=  1052962 flops
Time of    33-relation= 0.000715 sec=  1056315 flops
Time of    34-relation= 0.000717 sec=  1059296 flops
Time of    35-relation= 0.000717 sec=  1058835 flops
Time of    36-relation= 0.000715 sec=  1055805 flops
Time of    37-relation= 0.000716 sec=  1058579 flops
Time of    38-relation= 0.000717 sec=  1060057 flops
Time of    39-relation= 0.000716 sec=  1057402 flops
Time of    40-relation= 0.000714 sec=  1054444 flops
Time of    41-relation= 0.000715 sec=  1056199 flops
Time of    42-relation= 0.000720 sec=  1064347 flops
Time of    43-relation= 0.000718 sec=  1060891 flops
Time of    44-relation= 0.000718 sec=  1061100 flops
Time of    45-relation= 0.000716 sec=  1058434 flops
Time of    46-relation= 0.000720 sec=  1063286 flops
Time of    47-relation= 0.000719 sec=  1061804 flops
Time of    48-relation= 0.000716 sec=  1058599 flops
Time of    49-relation= 0.000718 sec=  1061122 flops
Time of    50-relation= 0.000719 sec=  1062926 flops
Time of    51-relation= 0.000719 sec=  1062911 flops
Time of    52-relation= 0.000718 sec=  1061110 flops
Time of    53-relation= 0.000719 sec=  1061829 flops
Time of    54-relation= 0.000723 sec=  1067839 flops
Time of    55-relation= 0.000720 sec=  1063845 flops
Time of    56-relation= 0.000718 sec=  1061236 flops
Time of    57-relation= 0.000719 sec=  1062995 flops
Time of    58-relation= 0.000723 sec=  1068668 flops
Time of    59-relation= 0.000720 sec=  1063873 flops
Time of    60-relation= 0.000719 sec=  1062919 flops
Time of    61-relation= 0.000720 sec=  1063904 flops
Time of    62-relation= 0.000724 sec=  1069267 flops
Time of    63-relation= 0.000729 sec=  1076617 flops
Time of    64-relation= 0.000738 sec=  1089767 flops
Time of    65-relation= 0.000744 sec=  1099540 flops
Time of    66-relation= 0.000753 sec=  1112162 flops
Time of    67-relation= 0.000762 sec=  1126076 flops
Time of    68-relation= 0.000769 sec=  1136253 flops
Time of    69-relation= 0.000778 sec=  1149156 flops
Time of    70-relation= 0.000785 sec=  1159678 flops
Time of    71-relation= 0.000793 sec=  1170990 flops
Time of    72-relation= 0.000803 sec=  1186514 flops
Time of    73-relation= 0.000813 sec=  1200713 flops
Time of    74-relation= 0.000820 sec=  1211853 flops
Time of    75-relation= 0.000830 sec=  1226637 flops
Time of    76-relation= 0.000838 sec=  1238538 flops
Time of    77-relation= 0.000847 sec=  1251362 flops
Time of    78-relation= 0.000858 sec=  1268133 flops
Time of    79-relation= 0.000867 sec=  1281652 flops
Time of    80-relation= 0.000878 sec=  1297155 flops
Time of    81-relation= 0.000888 sec=  1311335 flops
Time of    82-relation= 0.000899 sec=  1328061 flops
Time of    83-relation= 0.000907 sec=  1339691 flops
Time of    84-relation= 0.000920 sec=  1359028 flops
Time of    85-relation= 0.000929 sec=  1372071 flops
Time of    86-relation= 0.000938 sec=  1386241 flops
Time of    87-relation= 0.000946 sec=  1397149 flops
Time of    88-relation= 0.000953 sec=  1407769 flops
Time of    89-relation= 0.000959 sec=  1417460 flops
Time of    90-relation= 0.000971 sec=  1435021 flops
Time of    91-relation= 0.000977 sec=  1444146 flops
Time of    92-relation= 0.000986 sec=  1457079 flops
Time of    93-relation= 0.000991 sec=  1464457 flops
Time of    94-relation= 0.000994 sec=  1468074 flops
Time of    95-relation= 0.000992 sec=  1465646 flops
Time of    96-relation= 0.000995 sec=  1469971 flops
Time of    97-relation= 0.000993 sec=  1466629 flops
Time of    98-relation= 0.000996 sec=  1470993 flops
Time of    99-relation= 0.000994 sec=  1468061 flops
Time of   100-relation= 0.000994 sec=  1468699 flops
Time of   101-relation= 0.000994 sec=  1468040 flops
Time of   102-relation= 0.000994 sec=  1469140 flops
Time of   103-relation= 0.000992 sec=  1466362 flops
Time of   104-relation= 0.000993 sec=  1467275 flops
Time of   105-relation= 0.000993 sec=  1466747 flops
Time of   106-relation= 0.000994 sec=  1468217 flops
Time of   107-relation= 0.000991 sec=  1463648 flops
Time of   108-relation= 0.000993 sec=  1467136 flops
Time of   109-relation= 0.000996 sec=  1471080 flops
Time of   110-relation= 0.000994 sec=  1468283 flops
Time of   111-relation= 0.000993 sec=  1466812 flops
Time of   112-relation= 0.000994 sec=  1468842 flops
Time of   113-relation= 0.000993 sec=  1467870 flops
Time of   114-relation= 0.000997 sec=  1472418 flops
Time of   115-relation= 0.000992 sec=  1465948 flops
Time of   116-relation= 0.000993 sec=  1467559 flops
Time of   117-relation= 0.000995 sec=  1469869 flops
Time of   118-relation= 0.000993 sec=  1467709 flops
Time of   119-relation= 0.000995 sec=  1470286 flops
Time of   120-relation= 0.000995 sec=  1469807 flops
Time of   121-relation= 0.000994 sec=  1468962 flops
Time of   122-relation= 0.000995 sec=  1470726 flops
Time of   123-relation= 0.000995 sec=  1469932 flops
Time of   124-relation= 0.000995 sec=  1470422 flops
Time of   125-relation= 0.000996 sec=  1471921 flops
Time of   126-relation= 0.000996 sec=  1471337 flops
Time of   127-relation= 0.000995 sec=  1470853 flops
Time of   128-relation= 0.000995 sec=  1469468 flops
Time of   129-relation= 0.000995 sec=  1470703 flops
Time of   130-relation= 0.000996 sec=  1471313 flops
Time of   131-relation= 0.000995 sec=  1470571 flops
Time of   132-relation= 0.000994 sec=  1468500 flops
Time of   133-relation= 0.000995 sec=  1470732 flops
Time of   134-relation= 0.000996 sec=  1472036 flops
Time of   135-relation= 0.000996 sec=  1470933 flops
Time of   136-relation= 0.000997 sec=  1472780 flops
Time of   137-relation= 0.000998 sec=  1474563 flops
Time of   138-relation= 0.000997 sec=  1472955 flops
Time of   139-relation= 0.000996 sec=  1471806 flops
Time of   140-relation= 0.000999 sec=  1476688 flops
Time of   141-relation= 0.000999 sec=  1475878 flops
Time of   142-relation= 0.000997 sec=  1473019 flops
Time of   143-relation= 0.000998 sec=  1473998 flops
Time of   144-relation= 0.000996 sec=  1472310 flops
Time of   145-relation= 0.000995 sec=  1470780 flops
Time of   146-relation= 0.000996 sec=  1472089 flops
Time of   147-relation= 0.000998 sec=  1474320 flops
Time of   148-relation= 0.000999 sec=  1476027 flops
Time of   149-relation= 0.000998 sec=  1475040 flops
Time of   150-relation= 0.001000 sec=  1477293 flops
Time of   151-relation= 0.000997 sec=  1472748 flops
Time of   152-relation= 0.000997 sec=  1473613 flops
Time of   153-relation= 0.000998 sec=  1474879 flops
Time of   154-relation= 0.000999 sec=  1475627 flops
Time of   155-relation= 0.000997 sec=  1472721 flops
Time of   156-relation= 0.000998 sec=  1474213 flops
Time of   157-relation= 0.001003 sec=  1482554 flops
Time of   158-relation= 0.001003 sec=  1482227 flops
Time of   159-relation= 0.001005 sec=  1484451 flops
Time of   160-relation= 0.001010 sec=  1491989 flops
Time of   161-relation= 0.001010 sec=  1492657 flops
Time of   162-relation= 0.001010 sec=  1492183 flops
Time of   163-relation= 0.001014 sec=  1497654 flops
Time of   164-relation= 0.001015 sec=  1499162 flops
Time of   165-relation= 0.001016 sec=  1500710 flops
Time of   166-relation= 0.001019 sec=  1504993 flops
Time of   167-relation= 0.001021 sec=  1509059 flops
Time of   168-relation= 0.001025 sec=  1514834 flops
Time of   169-relation= 0.001024 sec=  1512605 flops
Time of   170-relation= 0.001028 sec=  1518539 flops
Time of   171-relation= 0.001028 sec=  1519182 flops
Time of   172-relation= 0.001031 sec=  1522954 flops
Time of   173-relation= 0.001036 sec=  1530476 flops
Time of   174-relation= 0.001036 sec=  1530758 flops
Time of   175-relation= 0.001038 sec=  1534314 flops
Time of   176-relation= 0.001044 sec=  1541944 flops
Time of   177-relation= 0.001046 sec=  1545959 flops
Time of   178-relation= 0.001048 sec=  1547955 flops
Time of   179-relation= 0.001046 sec=  1546054 flops
Time of   180-relation= 0.001048 sec=  1548143 flops
Time of   181-relation= 0.001051 sec=  1552590 flops
Time of   182-relation= 0.001052 sec=  1553749 flops
Time of   183-relation= 0.001052 sec=  1554032 flops
Time of   184-relation= 0.001051 sec=  1552254 flops
Time of   185-relation= 0.001054 sec=  1557142 flops
Time of   186-relation= 0.001052 sec=  1553928 flops
Time of   187-relation= 0.001055 sec=  1558131 flops
Time of   188-relation= 0.001054 sec=  1556729 flops
Time of   189-relation= 0.001051 sec=  1552320 flops
Time of   190-relation= 0.001053 sec=  1555818 flops
Time of   191-relation= 0.001053 sec=  1556412 flops
Time of   192-relation= 0.001055 sec=  1558063 flops
Time of   193-relation= 0.001054 sec=  1557273 flops
Time of   194-relation= 0.001056 sec=  1559711 flops
Time of   195-relation= 0.001055 sec=  1558200 flops
Time of   196-relation= 0.001056 sec=  1560237 flops
Time of   197-relation= 0.001055 sec=  1558641 flops
Time of   198-relation= 0.001054 sec=  1557010 flops
Time of   199-relation= 0.001056 sec=  1559874 flops
Time of   200-relation= 0.001056 sec=  1560481 flops
Time of   201-relation= 0.001053 sec=  1556433 flops
Time of   202-relation= 0.001057 sec=  1561294 flops
Time of   203-relation= 0.001054 sec=  1557164 flops
Time of   204-relation= 0.001057 sec=  1561976 flops
Time of   205-relation= 0.001060 sec=  1565787 flops
Time of   206-relation= 0.001055 sec=  1558795 flops
Time of   207-relation= 0.001057 sec=  1561231 flops
Time of   208-relation= 0.001056 sec=  1559600 flops
Time of   209-relation= 0.001058 sec=  1563473 flops
Time of   210-relation= 0.001058 sec=  1563378 flops
Time of   211-relation= 0.001060 sec=  1565713 flops
Time of   212-relation= 0.001057 sec=  1562001 flops
Time of   213-relation= 0.001059 sec=  1564676 flops
Time of   214-relation= 0.001058 sec=  1563497 flops
Time of   215-relation= 0.001058 sec=  1563566 flops
Time of   216-relation= 0.001060 sec=  1565536 flops
Time of   217-relation= 0.001061 sec=  1567472 flops
Time of   218-relation= 0.001060 sec=  1565937 flops
Time of   219-relation= 0.001064 sec=  1571669 flops
Time of   220-relation= 0.001064 sec=  1572230 flops
Time of   221-relation= 0.001065 sec=  1573558 flops
Time of   222-relation= 0.001065 sec=  1573938 flops
Time of   223-relation= 0.001066 sec=  1575151 flops
Time of   224-relation= 0.001066 sec=  1575100 flops
Time of   225-relation= 0.001067 sec=  1575823 flops
Time of   226-relation= 0.001069 sec=  1578804 flops
Time of   227-relation= 0.001071 sec=  1582054 flops
Time of   228-relation= 0.001075 sec=  1589064 flops
Time of   229-relation= 0.001079 sec=  1593848 flops
Time of   230-relation= 0.001078 sec=  1592791 flops
Time of   231-relation= 0.001080 sec=  1596299 flops
Time of   232-relation= 0.001082 sec=  1598841 flops
Time of   233-relation= 0.001087 sec=  1605371 flops
Time of   234-relation= 0.001092 sec=  1612730 flops
Time of   235-relation= 0.001090 sec=  1610584 flops
Time of   236-relation= 0.001095 sec=  1617763 flops
Time of   237-relation= 0.001097 sec=  1621011 flops
Time of   238-relation= 0.001099 sec=  1624164 flops
Time of   239-relation= 0.001103 sec=  1629644 flops
Time of   240-relation= 0.001110 sec=  1639340 flops
Time of   241-relation= 0.001111 sec=  1640834 flops
Time of   242-relation= 0.001108 sec=  1637765 flops
Time of   243-relation= 0.001118 sec=  1651202 flops
Time of   244-relation= 0.001120 sec=  1654801 flops
Time of   245-relation= 0.001125 sec=  1662016 flops
Time of   246-relation= 0.001126 sec=  1664341 flops
Time of   247-relation= 0.001125 sec=  1662382 flops
Time of   248-relation= 0.001129 sec=  1668850 flops
Time of   249-relation= 0.001129 sec=  1668094 flops
Time of   250-relation= 0.001128 sec=  1666817 flops
Time of   251-relation= 0.001129 sec=  1667694 flops
Time of   252-relation= 0.001132 sec=  1672139 flops
Time of   253-relation= 0.001130 sec=  1669034 flops
Time of   254-relation= 0.001131 sec=  1671136 flops
Time of   255-relation= 0.001130 sec=  1669971 flops
Time of   256-relation= 0.001131 sec=  1671483 flops
size of double = 8 bytes
Range h=0 to p   : g= 1602.7, l= 1016988.0
Range h=p to HMAX: g= 2586.3, l= 1059873.6
The bottom line for this BSP computer is:
p= 32, r= 1477.527 Mflop/s, g= 2586.3, l= 1059873.6
