n=     1 min=  91.950 max= 105.269 av= 104.674 Mflop/s  fool=    0.0
n=     2 min= 192.762 max= 200.010 av= 197.884 Mflop/s  fool=   -9.1
n=     4 min= 340.431 max= 351.650 av= 349.921 Mflop/s  fool=  -27.3
n=     8 min= 561.388 max= 571.448 av= 567.323 Mflop/s  fool=  -63.8
n=    16 min= 810.132 max= 825.831 av= 822.836 Mflop/s  fool= -136.7
n=    32 min= 1053.495 max= 1066.679 av= 1062.798 Mflop/s  fool= -282.4
n=    64 min= 739.884 max= 1245.750 av= 1235.478 Mflop/s  fool= -574.0
n=   128 min= 1350.926 max= 1361.709 av= 1359.529 Mflop/s  fool=-1157.1
n=   256 min= 1346.484 max= 1427.177 av= 1422.252 Mflop/s  fool=-2323.3
n=   512 min= 1423.705 max= 1462.335 av= 1460.542 Mflop/s  fool=-4655.8
n=  1024 min= 1441.745 max= 1481.107 av= 1478.350 Mflop/s  fool=-9320.7
Time of     0-relation= 0.001779 sec=  2630605 flops
Time of     1-relation= 0.002277 sec=  3366393 flops
Time of     2-relation= 0.002315 sec=  3422761 flops
Time of     3-relation= 0.002295 sec=  3392301 flops
Time of     4-relation= 0.002288 sec=  3383118 flops
Time of     5-relation= 0.002275 sec=  3363003 flops
Time of     6-relation= 0.002316 sec=  3424249 flops
Time of     7-relation= 0.002304 sec=  3405630 flops
Time of     8-relation= 0.002286 sec=  3379288 flops
Time of     9-relation= 0.002277 sec=  3366372 flops
Time of    10-relation= 0.002324 sec=  3435573 flops
Time of    11-relation= 0.002301 sec=  3400956 flops
Time of    12-relation= 0.002282 sec=  3372882 flops
Time of    13-relation= 0.002282 sec=  3373020 flops
Time of    14-relation= 0.002320 sec=  3430291 flops
Time of    15-relation= 0.002296 sec=  3393576 flops
Time of    16-relation= 0.002286 sec=  3379903 flops
Time of    17-relation= 0.002273 sec=  3360202 flops
Time of    18-relation= 0.002319 sec=  3428257 flops
Time of    19-relation= 0.002295 sec=  3392232 flops
Time of    20-relation= 0.002280 sec=  3370294 flops
Time of    21-relation= 0.002280 sec=  3370173 flops
Time of    22-relation= 0.002324 sec=  3436415 flops
Time of    23-relation= 0.002300 sec=  3400907 flops
Time of    24-relation= 0.002284 sec=  3377013 flops
Time of    25-relation= 0.002282 sec=  3374109 flops
Time of    26-relation= 0.002319 sec=  3428778 flops
Time of    27-relation= 0.002295 sec=  3392490 flops
Time of    28-relation= 0.002288 sec=  3383006 flops
Time of    29-relation= 0.002276 sec=  3364219 flops
Time of    30-relation= 0.002313 sec=  3419650 flops
Time of    31-relation= 0.002289 sec=  3383864 flops
Time of    32-relation= 0.002288 sec=  3381843 flops
Time of    33-relation= 0.002275 sec=  3363306 flops
Time of    34-relation= 0.002316 sec=  3423607 flops
Time of    35-relation= 0.002299 sec=  3398408 flops
Time of    36-relation= 0.002288 sec=  3382886 flops
Time of    37-relation= 0.002280 sec=  3371211 flops
Time of    38-relation= 0.002315 sec=  3422602 flops
Time of    39-relation= 0.002303 sec=  3404765 flops
Time of    40-relation= 0.002289 sec=  3384349 flops
Time of    41-relation= 0.002272 sec=  3359434 flops
Time of    42-relation= 0.002312 sec=  3417997 flops
Time of    43-relation= 0.002295 sec=  3392189 flops
Time of    44-relation= 0.002288 sec=  3381846 flops
Time of    45-relation= 0.002272 sec=  3358681 flops
Time of    46-relation= 0.002317 sec=  3425934 flops
Time of    47-relation= 0.002297 sec=  3395599 flops
Time of    48-relation= 0.002286 sec=  3379251 flops
Time of    49-relation= 0.002270 sec=  3356049 flops
Time of    50-relation= 0.002312 sec=  3418458 flops
Time of    51-relation= 0.002293 sec=  3389884 flops
Time of    52-relation= 0.002284 sec=  3377088 flops
Time of    53-relation= 0.002278 sec=  3368017 flops
Time of    54-relation= 0.002309 sec=  3413632 flops
Time of    55-relation= 0.002295 sec=  3393402 flops
Time of    56-relation= 0.002282 sec=  3373638 flops
Time of    57-relation= 0.002275 sec=  3363685 flops
Time of    58-relation= 0.002317 sec=  3424680 flops
Time of    59-relation= 0.002294 sec=  3391159 flops
Time of    60-relation= 0.002281 sec=  3371582 flops
Time of    61-relation= 0.002276 sec=  3365282 flops
Time of    62-relation= 0.002310 sec=  3414328 flops
Time of    63-relation= 0.002297 sec=  3395489 flops
Time of    64-relation= 0.002282 sec=  3373150 flops
Time of    65-relation= 0.002272 sec=  3358549 flops
Time of    66-relation= 0.002316 sec=  3424546 flops
Time of    67-relation= 0.002293 sec=  3390075 flops
Time of    68-relation= 0.002277 sec=  3366246 flops
Time of    69-relation= 0.002273 sec=  3360668 flops
Time of    70-relation= 0.002308 sec=  3412718 flops
Time of    71-relation= 0.002286 sec=  3378968 flops
Time of    72-relation= 0.002279 sec=  3368669 flops
Time of    73-relation= 0.002273 sec=  3360441 flops
Time of    74-relation= 0.002313 sec=  3419476 flops
Time of    75-relation= 0.002285 sec=  3377367 flops
Time of    76-relation= 0.002287 sec=  3380971 flops
Time of    77-relation= 0.002272 sec=  3358090 flops
Time of    78-relation= 0.002309 sec=  3412982 flops
Time of    79-relation= 0.002295 sec=  3392664 flops
Time of    80-relation= 0.002277 sec=  3365954 flops
Time of    81-relation= 0.002280 sec=  3370092 flops
Time of    82-relation= 0.002315 sec=  3422483 flops
Time of    83-relation= 0.002285 sec=  3378169 flops
Time of    84-relation= 0.002280 sec=  3370478 flops
Time of    85-relation= 0.002274 sec=  3361446 flops
Time of    86-relation= 0.002310 sec=  3414602 flops
Time of    87-relation= 0.002292 sec=  3388767 flops
Time of    88-relation= 0.002310 sec=  3415374 flops
Time of    89-relation= 0.002276 sec=  3364570 flops
Time of    90-relation= 0.002312 sec=  3418339 flops
Time of    91-relation= 0.002289 sec=  3383889 flops
Time of    92-relation= 0.002276 sec=  3364222 flops
Time of    93-relation= 0.002278 sec=  3367385 flops
Time of    94-relation= 0.002313 sec=  3420149 flops
Time of    95-relation= 0.002290 sec=  3386131 flops
Time of    96-relation= 0.002283 sec=  3375136 flops
Time of    97-relation= 0.002272 sec=  3359242 flops
Time of    98-relation= 0.002313 sec=  3419624 flops
Time of    99-relation= 0.002288 sec=  3382761 flops
Time of   100-relation= 0.002279 sec=  3369142 flops
Time of   101-relation= 0.002272 sec=  3358310 flops
Time of   102-relation= 0.002312 sec=  3417665 flops
Time of   103-relation= 0.002290 sec=  3385877 flops
Time of   104-relation= 0.002279 sec=  3369018 flops
Time of   105-relation= 0.002271 sec=  3357774 flops
Time of   106-relation= 0.002313 sec=  3418692 flops
Time of   107-relation= 0.002287 sec=  3380726 flops
Time of   108-relation= 0.002279 sec=  3368531 flops
Time of   109-relation= 0.002275 sec=  3362593 flops
Time of   110-relation= 0.002308 sec=  3412160 flops
Time of   111-relation= 0.002290 sec=  3386004 flops
Time of   112-relation= 0.002277 sec=  3366186 flops
Time of   113-relation= 0.002273 sec=  3360382 flops
Time of   114-relation= 0.002309 sec=  3413806 flops
Time of   115-relation= 0.002289 sec=  3383849 flops
Time of   116-relation= 0.002277 sec=  3366896 flops
Time of   117-relation= 0.002276 sec=  3364752 flops
Time of   118-relation= 0.002305 sec=  3407792 flops
Time of   119-relation= 0.002286 sec=  3379450 flops
Time of   120-relation= 0.002277 sec=  3366069 flops
Time of   121-relation= 0.002275 sec=  3363757 flops
Time of   122-relation= 0.002306 sec=  3409285 flops
Time of   123-relation= 0.002290 sec=  3385262 flops
Time of   124-relation= 0.002274 sec=  3361114 flops
Time of   125-relation= 0.002272 sec=  3359027 flops
Time of   126-relation= 0.002308 sec=  3411920 flops
Time of   127-relation= 0.002316 sec=  3423628 flops
Time of   128-relation= 0.002324 sec=  3435542 flops
Time of   129-relation= 0.002350 sec=  3474619 flops
Time of   130-relation= 0.002380 sec=  3517896 flops
Time of   131-relation= 0.002407 sec=  3558613 flops
Time of   132-relation= 0.002420 sec=  3577453 flops
Time of   133-relation= 0.002452 sec=  3625110 flops
Time of   134-relation= 0.002495 sec=  3687921 flops
Time of   135-relation= 0.002493 sec=  3685762 flops
Time of   136-relation= 0.002518 sec=  3722093 flops
Time of   137-relation= 0.002535 sec=  3747186 flops
Time of   138-relation= 0.002554 sec=  3776406 flops
Time of   139-relation= 0.002568 sec=  3795812 flops
Time of   140-relation= 0.002586 sec=  3822541 flops
Time of   141-relation= 0.002601 sec=  3845827 flops
Time of   142-relation= 0.002617 sec=  3869534 flops
Time of   143-relation= 0.002629 sec=  3887085 flops
Time of   144-relation= 0.002653 sec=  3921399 flops
Time of   145-relation= 0.002667 sec=  3942369 flops
Time of   146-relation= 0.002690 sec=  3976038 flops
Time of   147-relation= 0.002703 sec=  3996627 flops
Time of   148-relation= 0.002719 sec=  4019679 flops
Time of   149-relation= 0.002737 sec=  4046956 flops
Time of   150-relation= 0.002746 sec=  4060207 flops
Time of   151-relation= 0.002755 sec=  4073442 flops
Time of   152-relation= 0.002768 sec=  4091444 flops
Time of   153-relation= 0.002784 sec=  4116400 flops
Time of   154-relation= 0.002791 sec=  4126407 flops
Time of   155-relation= 0.002802 sec=  4142852 flops
Time of   156-relation= 0.002814 sec=  4160619 flops
Time of   157-relation= 0.002827 sec=  4179221 flops
Time of   158-relation= 0.002851 sec=  4214558 flops
Time of   159-relation= 0.002862 sec=  4231314 flops
Time of   160-relation= 0.002877 sec=  4252770 flops
Time of   161-relation= 0.002889 sec=  4271065 flops
Time of   162-relation= 0.002908 sec=  4298703 flops
Time of   163-relation= 0.002917 sec=  4313028 flops
Time of   164-relation= 0.002929 sec=  4330289 flops
Time of   165-relation= 0.002939 sec=  4344231 flops
Time of   166-relation= 0.002951 sec=  4363117 flops
Time of   167-relation= 0.002960 sec=  4375931 flops
Time of   168-relation= 0.002971 sec=  4392793 flops
Time of   169-relation= 0.002983 sec=  4409274 flops
Time of   170-relation= 0.002995 sec=  4427500 flops
Time of   171-relation= 0.003009 sec=  4449028 flops
Time of   172-relation= 0.003021 sec=  4466578 flops
Time of   173-relation= 0.003033 sec=  4483648 flops
Time of   174-relation= 0.003048 sec=  4506524 flops
Time of   175-relation= 0.003059 sec=  4522729 flops
Time of   176-relation= 0.003071 sec=  4539917 flops
Time of   177-relation= 0.003087 sec=  4563294 flops
Time of   178-relation= 0.003100 sec=  4582190 flops
Time of   179-relation= 0.003105 sec=  4590132 flops
Time of   180-relation= 0.003119 sec=  4611022 flops
Time of   181-relation= 0.003132 sec=  4630646 flops
Time of   182-relation= 0.003144 sec=  4647508 flops
Time of   183-relation= 0.003160 sec=  4670950 flops
Time of   184-relation= 0.003173 sec=  4691279 flops
Time of   185-relation= 0.003181 sec=  4702761 flops
Time of   186-relation= 0.003195 sec=  4723107 flops
Time of   187-relation= 0.003206 sec=  4739571 flops
Time of   188-relation= 0.003218 sec=  4757310 flops
Time of   189-relation= 0.003226 sec=  4768665 flops
Time of   190-relation= 0.003230 sec=  4775538 flops
Time of   191-relation= 0.003230 sec=  4775629 flops
Time of   192-relation= 0.003279 sec=  4847094 flops
Time of   193-relation= 0.003230 sec=  4775419 flops
Time of   194-relation= 0.003227 sec=  4770791 flops
Time of   195-relation= 0.003233 sec=  4779130 flops
Time of   196-relation= 0.003228 sec=  4772716 flops
Time of   197-relation= 0.003230 sec=  4775640 flops
Time of   198-relation= 0.003230 sec=  4775501 flops
Time of   199-relation= 0.003232 sec=  4778444 flops
Time of   200-relation= 0.003261 sec=  4820959 flops
Time of   201-relation= 0.003231 sec=  4775945 flops
Time of   202-relation= 0.003233 sec=  4778975 flops
Time of   203-relation= 0.003231 sec=  4776199 flops
Time of   204-relation= 0.003233 sec=  4779131 flops
Time of   205-relation= 0.003229 sec=  4773064 flops
Time of   206-relation= 0.003231 sec=  4777122 flops
Time of   207-relation= 0.003231 sec=  4777066 flops
Time of   208-relation= 0.003232 sec=  4778302 flops
Time of   209-relation= 0.003231 sec=  4776273 flops
Time of   210-relation= 0.003230 sec=  4775773 flops
Time of   211-relation= 0.003232 sec=  4777629 flops
Time of   212-relation= 0.003231 sec=  4776541 flops
Time of   213-relation= 0.003233 sec=  4779335 flops
Time of   214-relation= 0.003231 sec=  4776911 flops
Time of   215-relation= 0.003230 sec=  4775235 flops
Time of   216-relation= 0.003231 sec=  4776792 flops
Time of   217-relation= 0.003234 sec=  4781497 flops
Time of   218-relation= 0.003232 sec=  4777795 flops
Time of   219-relation= 0.003233 sec=  4778788 flops
Time of   220-relation= 0.003236 sec=  4783224 flops
Time of   221-relation= 0.003233 sec=  4779984 flops
Time of   222-relation= 0.003238 sec=  4786355 flops
Time of   223-relation= 0.003233 sec=  4779436 flops
Time of   224-relation= 0.003233 sec=  4779205 flops
Time of   225-relation= 0.003234 sec=  4781636 flops
Time of   226-relation= 0.003233 sec=  4779596 flops
Time of   227-relation= 0.003232 sec=  4777537 flops
Time of   228-relation= 0.003234 sec=  4780468 flops
Time of   229-relation= 0.003237 sec=  4784932 flops
Time of   230-relation= 0.003232 sec=  4778717 flops
Time of   231-relation= 0.003235 sec=  4783062 flops
Time of   232-relation= 0.003235 sec=  4782851 flops
Time of   233-relation= 0.003235 sec=  4782858 flops
Time of   234-relation= 0.003235 sec=  4782645 flops
Time of   235-relation= 0.003235 sec=  4782506 flops
Time of   236-relation= 0.003236 sec=  4783532 flops
Time of   237-relation= 0.003234 sec=  4780716 flops
Time of   238-relation= 0.003236 sec=  4784117 flops
Time of   239-relation= 0.003236 sec=  4784334 flops
Time of   240-relation= 0.003237 sec=  4785877 flops
Time of   241-relation= 0.003238 sec=  4786619 flops
Time of   242-relation= 0.003237 sec=  4785541 flops
Time of   243-relation= 0.003238 sec=  4786735 flops
Time of   244-relation= 0.003236 sec=  4783568 flops
Time of   245-relation= 0.003236 sec=  4784591 flops
Time of   246-relation= 0.003235 sec=  4781829 flops
Time of   247-relation= 0.003240 sec=  4790418 flops
Time of   248-relation= 0.003236 sec=  4783998 flops
Time of   249-relation= 0.003238 sec=  4786969 flops
Time of   250-relation= 0.003238 sec=  4786264 flops
Time of   251-relation= 0.003237 sec=  4785113 flops
Time of   252-relation= 0.003239 sec=  4788461 flops
Time of   253-relation= 0.003237 sec=  4785446 flops
Time of   254-relation= 0.003241 sec=  4792034 flops
Time of   255-relation= 0.003238 sec=  4787000 flops
Time of   256-relation= 0.003240 sec=  4789822 flops
size of double = 8 bytes
Range h=0 to p   : g= 960.9, l= 3348249.2
Range h=p to HMAX: g= 10415.2, l= 2461810.6
The bottom line for this BSP computer is:
p= 64, r= 1478.350 Mflop/s, g= 10415.2, l= 2461810.6
