n=     1 min= 103.894 max= 103.894 av= 103.894 Mflop/s  fool=    0.0
n=     2 min= 197.538 max= 197.538 av= 197.538 Mflop/s  fool=   -9.1
n=     4 min= 351.650 max= 351.650 av= 351.650 Mflop/s  fool=  -27.3
n=     8 min= 566.385 max= 566.385 av= 566.385 Mflop/s  fool=  -63.8
n=    16 min= 820.507 max= 820.507 av= 820.507 Mflop/s  fool= -136.7
n=    32 min= 1062.248 max= 1062.248 av= 1062.248 Mflop/s  fool= -282.4
n=    64 min= 1245.750 max= 1245.750 av= 1245.750 Mflop/s  fool= -574.0
n=   128 min= 1359.890 max= 1359.890 av= 1359.890 Mflop/s  fool=-1157.1
n=   256 min= 1426.182 max= 1426.182 av= 1426.182 Mflop/s  fool=-2323.3
n=   512 min= 1461.291 max= 1461.291 av= 1461.291 Mflop/s  fool=-4655.8
n=  1024 min= 1480.572 max= 1480.572 av= 1480.572 Mflop/s  fool=-9320.7
Time of     0-relation= 0.000006 sec=     8294 flops
Time of     1-relation= 0.000008 sec=    12147 flops
Time of     2-relation= 0.000008 sec=    12472 flops
Time of     3-relation= 0.000009 sec=    12891 flops
Time of     4-relation= 0.000009 sec=    13230 flops
Time of     5-relation= 0.000009 sec=    13553 flops
Time of     6-relation= 0.000009 sec=    13897 flops
Time of     7-relation= 0.000010 sec=    14152 flops
Time of     8-relation= 0.000010 sec=    14440 flops
Time of     9-relation= 0.000010 sec=    14733 flops
Time of    10-relation= 0.000010 sec=    15058 flops
Time of    11-relation= 0.000010 sec=    15291 flops
Time of    12-relation= 0.000011 sec=    15549 flops
Time of    13-relation= 0.000011 sec=    15855 flops
Time of    14-relation= 0.000011 sec=    16172 flops
Time of    15-relation= 0.000011 sec=    16408 flops
Time of    16-relation= 0.000011 sec=    16725 flops
Time of    17-relation= 0.000012 sec=    17052 flops
Time of    18-relation= 0.000012 sec=    17255 flops
Time of    19-relation= 0.000012 sec=    17590 flops
Time of    20-relation= 0.000012 sec=    17893 flops
Time of    21-relation= 0.000012 sec=    18241 flops
Time of    22-relation= 0.000012 sec=    18427 flops
Time of    23-relation= 0.000013 sec=    18750 flops
Time of    24-relation= 0.000013 sec=    19139 flops
Time of    25-relation= 0.000013 sec=    19381 flops
Time of    26-relation= 0.000013 sec=    19641 flops
Time of    27-relation= 0.000013 sec=    19978 flops
Time of    28-relation= 0.000014 sec=    20223 flops
Time of    29-relation= 0.000014 sec=    20541 flops
Time of    30-relation= 0.000014 sec=    20812 flops
Time of    31-relation= 0.000014 sec=    21040 flops
Time of    32-relation= 0.000014 sec=    21338 flops
Time of    33-relation= 0.000015 sec=    21677 flops
Time of    34-relation= 0.000015 sec=    21867 flops
Time of    35-relation= 0.000015 sec=    22225 flops
Time of    36-relation= 0.000015 sec=    22458 flops
Time of    37-relation= 0.000015 sec=    22773 flops
Time of    38-relation= 0.000016 sec=    23077 flops
Time of    39-relation= 0.000016 sec=    23346 flops
Time of    40-relation= 0.000016 sec=    23592 flops
Time of    41-relation= 0.000016 sec=    23910 flops
Time of    42-relation= 0.000016 sec=    24147 flops
Time of    43-relation= 0.000017 sec=    24490 flops
Time of    44-relation= 0.000017 sec=    24721 flops
Time of    45-relation= 0.000017 sec=    25057 flops
Time of    46-relation= 0.000017 sec=    25295 flops
Time of    47-relation= 0.000017 sec=    25638 flops
Time of    48-relation= 0.000017 sec=    25865 flops
Time of    49-relation= 0.000018 sec=    26154 flops
Time of    50-relation= 0.000018 sec=    26484 flops
Time of    51-relation= 0.000018 sec=    26793 flops
Time of    52-relation= 0.000018 sec=    27131 flops
Time of    53-relation= 0.000018 sec=    27367 flops
Time of    54-relation= 0.000019 sec=    27677 flops
Time of    55-relation= 0.000019 sec=    27960 flops
Time of    56-relation= 0.000019 sec=    28256 flops
Time of    57-relation= 0.000019 sec=    28506 flops
Time of    58-relation= 0.000019 sec=    28825 flops
Time of    59-relation= 0.000020 sec=    29058 flops
Time of    60-relation= 0.000020 sec=    29412 flops
Time of    61-relation= 0.000020 sec=    29662 flops
Time of    62-relation= 0.000020 sec=    29987 flops
Time of    63-relation= 0.000020 sec=    30220 flops
Time of    64-relation= 0.000021 sec=    30585 flops
Time of    65-relation= 0.000021 sec=    30863 flops
Time of    66-relation= 0.000021 sec=    31191 flops
Time of    67-relation= 0.000021 sec=    31410 flops
Time of    68-relation= 0.000021 sec=    31789 flops
Time of    69-relation= 0.000022 sec=    31997 flops
Time of    70-relation= 0.000022 sec=    32302 flops
Time of    71-relation= 0.000022 sec=    32628 flops
Time of    72-relation= 0.000022 sec=    32869 flops
Time of    73-relation= 0.000022 sec=    33159 flops
Time of    74-relation= 0.000023 sec=    33398 flops
Time of    75-relation= 0.000023 sec=    33703 flops
Time of    76-relation= 0.000023 sec=    33964 flops
Time of    77-relation= 0.000023 sec=    34290 flops
Time of    78-relation= 0.000023 sec=    34588 flops
Time of    79-relation= 0.000024 sec=    34803 flops
Time of    80-relation= 0.000024 sec=    35124 flops
Time of    81-relation= 0.000024 sec=    35518 flops
Time of    82-relation= 0.000024 sec=    35412 flops
Time of    83-relation= 0.000024 sec=    35693 flops
Time of    84-relation= 0.000024 sec=    35627 flops
Time of    85-relation= 0.000024 sec=    35961 flops
Time of    86-relation= 0.000024 sec=    36154 flops
Time of    87-relation= 0.000025 sec=    36521 flops
Time of    88-relation= 0.000025 sec=    36772 flops
Time of    89-relation= 0.000025 sec=    37004 flops
Time of    90-relation= 0.000025 sec=    37359 flops
Time of    91-relation= 0.000025 sec=    37609 flops
Time of    92-relation= 0.000026 sec=    37846 flops
Time of    93-relation= 0.000026 sec=    38176 flops
Time of    94-relation= 0.000026 sec=    38464 flops
Time of    95-relation= 0.000026 sec=    38661 flops
Time of    96-relation= 0.000026 sec=    38986 flops
Time of    97-relation= 0.000027 sec=    39260 flops
Time of    98-relation= 0.000027 sec=    39494 flops
Time of    99-relation= 0.000027 sec=    39816 flops
Time of   100-relation= 0.000027 sec=    40098 flops
Time of   101-relation= 0.000027 sec=    40309 flops
Time of   102-relation= 0.000027 sec=    40634 flops
Time of   103-relation= 0.000028 sec=    40915 flops
Time of   104-relation= 0.000028 sec=    41056 flops
Time of   105-relation= 0.000028 sec=    41523 flops
Time of   106-relation= 0.000028 sec=    41689 flops
Time of   107-relation= 0.000028 sec=    41884 flops
Time of   108-relation= 0.000029 sec=    42236 flops
Time of   109-relation= 0.000029 sec=    42496 flops
Time of   110-relation= 0.000029 sec=    42838 flops
Time of   111-relation= 0.000029 sec=    43067 flops
Time of   112-relation= 0.000029 sec=    43341 flops
Time of   113-relation= 0.000029 sec=    43638 flops
Time of   114-relation= 0.000030 sec=    43927 flops
Time of   115-relation= 0.000030 sec=    44085 flops
Time of   116-relation= 0.000030 sec=    44448 flops
Time of   117-relation= 0.000030 sec=    44696 flops
Time of   118-relation= 0.000030 sec=    44979 flops
Time of   119-relation= 0.000031 sec=    45280 flops
Time of   120-relation= 0.000031 sec=    45532 flops
Time of   121-relation= 0.000031 sec=    45853 flops
Time of   122-relation= 0.000031 sec=    46125 flops
Time of   123-relation= 0.000031 sec=    46394 flops
Time of   124-relation= 0.000031 sec=    46580 flops
Time of   125-relation= 0.000032 sec=    46970 flops
Time of   126-relation= 0.000032 sec=    47234 flops
Time of   127-relation= 0.000032 sec=    47515 flops
Time of   128-relation= 0.000032 sec=    47856 flops
Time of   129-relation= 0.000033 sec=    48128 flops
Time of   130-relation= 0.000033 sec=    48430 flops
Time of   131-relation= 0.000033 sec=    48690 flops
Time of   132-relation= 0.000033 sec=    48970 flops
Time of   133-relation= 0.000033 sec=    49271 flops
Time of   134-relation= 0.000033 sec=    49531 flops
Time of   135-relation= 0.000034 sec=    49755 flops
Time of   136-relation= 0.000034 sec=    50195 flops
Time of   137-relation= 0.000034 sec=    50369 flops
Time of   138-relation= 0.000034 sec=    50664 flops
Time of   139-relation= 0.000034 sec=    50890 flops
Time of   140-relation= 0.000035 sec=    51193 flops
Time of   141-relation= 0.000035 sec=    51460 flops
Time of   142-relation= 0.000035 sec=    51681 flops
Time of   143-relation= 0.000035 sec=    52032 flops
Time of   144-relation= 0.000035 sec=    52286 flops
Time of   145-relation= 0.000035 sec=    52547 flops
Time of   146-relation= 0.000036 sec=    52822 flops
Time of   147-relation= 0.000036 sec=    53105 flops
Time of   148-relation= 0.000036 sec=    53394 flops
Time of   149-relation= 0.000036 sec=    53660 flops
Time of   150-relation= 0.000036 sec=    53928 flops
Time of   151-relation= 0.000037 sec=    54220 flops
Time of   152-relation= 0.000037 sec=    54403 flops
Time of   153-relation= 0.000037 sec=    54720 flops
Time of   154-relation= 0.000037 sec=    55034 flops
Time of   155-relation= 0.000037 sec=    55294 flops
Time of   156-relation= 0.000038 sec=    55594 flops
Time of   157-relation= 0.000038 sec=    55863 flops
Time of   158-relation= 0.000038 sec=    56146 flops
Time of   159-relation= 0.000038 sec=    56433 flops
Time of   160-relation= 0.000038 sec=    56691 flops
Time of   161-relation= 0.000038 sec=    56983 flops
Time of   162-relation= 0.000039 sec=    57271 flops
Time of   163-relation= 0.000039 sec=    57535 flops
Time of   164-relation= 0.000039 sec=    57804 flops
Time of   165-relation= 0.000039 sec=    58113 flops
Time of   166-relation= 0.000039 sec=    58348 flops
Time of   167-relation= 0.000040 sec=    58666 flops
Time of   168-relation= 0.000040 sec=    58890 flops
Time of   169-relation= 0.000040 sec=    59385 flops
Time of   170-relation= 0.000040 sec=    59469 flops
Time of   171-relation= 0.000040 sec=    59757 flops
Time of   172-relation= 0.000041 sec=    60011 flops
Time of   173-relation= 0.000041 sec=    60308 flops
Time of   174-relation= 0.000041 sec=    60594 flops
Time of   175-relation= 0.000041 sec=    60883 flops
Time of   176-relation= 0.000041 sec=    61138 flops
Time of   177-relation= 0.000041 sec=    61413 flops
Time of   178-relation= 0.000042 sec=    61704 flops
Time of   179-relation= 0.000042 sec=    61959 flops
Time of   180-relation= 0.000042 sec=    62260 flops
Time of   181-relation= 0.000042 sec=    62528 flops
Time of   182-relation= 0.000042 sec=    62799 flops
Time of   183-relation= 0.000043 sec=    63131 flops
Time of   184-relation= 0.000043 sec=    63344 flops
Time of   185-relation= 0.000043 sec=    63634 flops
Time of   186-relation= 0.000043 sec=    63907 flops
Time of   187-relation= 0.000043 sec=    64158 flops
Time of   188-relation= 0.000044 sec=    64437 flops
Time of   189-relation= 0.000044 sec=    64695 flops
Time of   190-relation= 0.000044 sec=    65001 flops
Time of   191-relation= 0.000044 sec=    65253 flops
Time of   192-relation= 0.000044 sec=    65545 flops
Time of   193-relation= 0.000044 sec=    65803 flops
Time of   194-relation= 0.000045 sec=    66085 flops
Time of   195-relation= 0.000045 sec=    66336 flops
Time of   196-relation= 0.000045 sec=    66654 flops
Time of   197-relation= 0.000045 sec=    66920 flops
Time of   198-relation= 0.000045 sec=    67185 flops
Time of   199-relation= 0.000046 sec=    67479 flops
Time of   200-relation= 0.000046 sec=    67923 flops
Time of   201-relation= 0.000046 sec=    68094 flops
Time of   202-relation= 0.000046 sec=    68306 flops
Time of   203-relation= 0.000046 sec=    68548 flops
Time of   204-relation= 0.000047 sec=    68851 flops
Time of   205-relation= 0.000047 sec=    69127 flops
Time of   206-relation= 0.000047 sec=    69405 flops
Time of   207-relation= 0.000047 sec=    69748 flops
Time of   208-relation= 0.000047 sec=    69936 flops
Time of   209-relation= 0.000047 sec=    70229 flops
Time of   210-relation= 0.000048 sec=    70520 flops
Time of   211-relation= 0.000048 sec=    70864 flops
Time of   212-relation= 0.000048 sec=    71115 flops
Time of   213-relation= 0.000048 sec=    71286 flops
Time of   214-relation= 0.000048 sec=    71559 flops
Time of   215-relation= 0.000049 sec=    71850 flops
Time of   216-relation= 0.000049 sec=    72109 flops
Time of   217-relation= 0.000049 sec=    72433 flops
Time of   218-relation= 0.000049 sec=    72675 flops
Time of   219-relation= 0.000049 sec=    72931 flops
Time of   220-relation= 0.000049 sec=    73200 flops
Time of   221-relation= 0.000050 sec=    73567 flops
Time of   222-relation= 0.000050 sec=    73784 flops
Time of   223-relation= 0.000050 sec=    74035 flops
Time of   224-relation= 0.000050 sec=    74297 flops
Time of   225-relation= 0.000050 sec=    74623 flops
Time of   226-relation= 0.000051 sec=    74893 flops
Time of   227-relation= 0.000051 sec=    75101 flops
Time of   228-relation= 0.000051 sec=    75441 flops
Time of   229-relation= 0.000051 sec=    75688 flops
Time of   230-relation= 0.000051 sec=    75922 flops
Time of   231-relation= 0.000052 sec=    76276 flops
Time of   232-relation= 0.000052 sec=    76546 flops
Time of   233-relation= 0.000052 sec=    77047 flops
Time of   234-relation= 0.000052 sec=    77070 flops
Time of   235-relation= 0.000052 sec=    77394 flops
Time of   236-relation= 0.000052 sec=    77609 flops
Time of   237-relation= 0.000053 sec=    77868 flops
Time of   238-relation= 0.000053 sec=    78240 flops
Time of   239-relation= 0.000053 sec=    78443 flops
Time of   240-relation= 0.000053 sec=    78685 flops
Time of   241-relation= 0.000053 sec=    79037 flops
Time of   242-relation= 0.000054 sec=    79252 flops
Time of   243-relation= 0.000054 sec=    79512 flops
Time of   244-relation= 0.000054 sec=    79872 flops
Time of   245-relation= 0.000054 sec=    80089 flops
Time of   246-relation= 0.000054 sec=    80339 flops
Time of   247-relation= 0.000055 sec=    80765 flops
Time of   248-relation= 0.000055 sec=    80918 flops
Time of   249-relation= 0.000055 sec=    81216 flops
Time of   250-relation= 0.000055 sec=    81482 flops
Time of   251-relation= 0.000055 sec=    81748 flops
Time of   252-relation= 0.000055 sec=    82095 flops
Time of   253-relation= 0.000056 sec=    82365 flops
Time of   254-relation= 0.000056 sec=    82603 flops
Time of   255-relation= 0.000056 sec=    82945 flops
Time of   256-relation= 0.000056 sec=    83299 flops
size of double = 8 bytes
Range h=0 to p   : g= 3853.2, l= 8294.2
Range h=p to HMAX: g= 276.0, l= 12541.3
The bottom line for this BSP computer is:
p= 1, r= 1480.572 Mflop/s, g= 276.0, l= 12541.3
