n=     1 min= 101.267 max= 105.269 av= 104.757 Mflop/s  fool=    0.0
n=     2 min= 192.772 max= 200.010 av= 198.010 Mflop/s  fool=   -9.1
n=     4 min= 340.431 max= 351.650 av= 349.047 Mflop/s  fool=  -27.3
n=     8 min= 561.411 max= 571.424 av= 567.012 Mflop/s  fool=  -63.8
n=    16 min= 815.299 max= 825.806 av= 822.501 Mflop/s  fool= -136.7
n=    32 min= 1053.495 max= 1066.659 av= 1062.522 Mflop/s  fool= -282.4
n=    64 min= 1236.713 max= 1245.750 av= 1243.287 Mflop/s  fool= -574.0
n=   128 min= 562.947 max= 1361.700 av= 1309.860 Mflop/s  fool=-1157.1
n=   256 min= 1312.822 max= 1426.187 av= 1417.056 Mflop/s  fool=-2323.3
n=   512 min= 1460.250 max= 1462.335 av= 1461.357 Mflop/s  fool=-4655.8
n=  1024 min= 1437.193 max= 1481.107 av= 1477.877 Mflop/s  fool=-9320.7
Time of     0-relation= 0.000234 sec=   346325 flops
Time of     1-relation= 0.000309 sec=   456778 flops
Time of     2-relation= 0.000307 sec=   453433 flops
Time of     3-relation= 0.000307 sec=   453113 flops
Time of     4-relation= 0.000307 sec=   453991 flops
Time of     5-relation= 0.000306 sec=   452119 flops
Time of     6-relation= 0.000307 sec=   454194 flops
Time of     7-relation= 0.000308 sec=   455372 flops
Time of     8-relation= 0.000308 sec=   455358 flops
Time of     9-relation= 0.000308 sec=   454980 flops
Time of    10-relation= 0.000309 sec=   456911 flops
Time of    11-relation= 0.000308 sec=   454506 flops
Time of    12-relation= 0.000309 sec=   457377 flops
Time of    13-relation= 0.000308 sec=   455595 flops
Time of    14-relation= 0.000309 sec=   456940 flops
Time of    15-relation= 0.000310 sec=   458248 flops
Time of    16-relation= 0.000310 sec=   458301 flops
Time of    17-relation= 0.000309 sec=   457214 flops
Time of    18-relation= 0.000311 sec=   459518 flops
Time of    19-relation= 0.000311 sec=   460106 flops
Time of    20-relation= 0.000312 sec=   461759 flops
Time of    21-relation= 0.000312 sec=   461309 flops
Time of    22-relation= 0.000312 sec=   461069 flops
Time of    23-relation= 0.000325 sec=   480432 flops
Time of    24-relation= 0.000316 sec=   466340 flops
Time of    25-relation= 0.000313 sec=   462417 flops
Time of    26-relation= 0.000325 sec=   479581 flops
Time of    27-relation= 0.000316 sec=   467696 flops
Time of    28-relation= 0.000316 sec=   466316 flops
Time of    29-relation= 0.000316 sec=   467526 flops
Time of    30-relation= 0.000317 sec=   467943 flops
Time of    31-relation= 0.000320 sec=   473125 flops
Time of    32-relation= 0.000326 sec=   481157 flops
Time of    33-relation= 0.000333 sec=   491503 flops
Time of    34-relation= 0.000338 sec=   499452 flops
Time of    35-relation= 0.000346 sec=   510729 flops
Time of    36-relation= 0.000351 sec=   518748 flops
Time of    37-relation= 0.000358 sec=   528865 flops
Time of    38-relation= 0.000365 sec=   539121 flops
Time of    39-relation= 0.000372 sec=   549848 flops
Time of    40-relation= 0.000379 sec=   559654 flops
Time of    41-relation= 0.000384 sec=   568165 flops
Time of    42-relation= 0.000395 sec=   583532 flops
Time of    43-relation= 0.000397 sec=   587381 flops
Time of    44-relation= 0.000403 sec=   595406 flops
Time of    45-relation= 0.000410 sec=   605796 flops
Time of    46-relation= 0.000411 sec=   607926 flops
Time of    47-relation= 0.000410 sec=   605904 flops
Time of    48-relation= 0.000410 sec=   606379 flops
Time of    49-relation= 0.000410 sec=   605980 flops
Time of    50-relation= 0.000413 sec=   609957 flops
Time of    51-relation= 0.000419 sec=   618975 flops
Time of    52-relation= 0.000412 sec=   608593 flops
Time of    53-relation= 0.000411 sec=   607979 flops
Time of    54-relation= 0.000413 sec=   610249 flops
Time of    55-relation= 0.000413 sec=   610107 flops
Time of    56-relation= 0.000413 sec=   609892 flops
Time of    57-relation= 0.000411 sec=   608112 flops
Time of    58-relation= 0.000412 sec=   608251 flops
Time of    59-relation= 0.000412 sec=   608321 flops
Time of    60-relation= 0.000411 sec=   607773 flops
Time of    61-relation= 0.000419 sec=   619377 flops
Time of    62-relation= 0.000413 sec=   609684 flops
Time of    63-relation= 0.000413 sec=   609909 flops
Time of    64-relation= 0.000412 sec=   608890 flops
Time of    65-relation= 0.000413 sec=   610594 flops
Time of    66-relation= 0.000412 sec=   609351 flops
Time of    67-relation= 0.000413 sec=   610229 flops
Time of    68-relation= 0.000414 sec=   611645 flops
Time of    69-relation= 0.000419 sec=   618757 flops
Time of    70-relation= 0.000414 sec=   611114 flops
Time of    71-relation= 0.000415 sec=   613793 flops
Time of    72-relation= 0.000416 sec=   614999 flops
Time of    73-relation= 0.000415 sec=   613538 flops
Time of    74-relation= 0.000418 sec=   618373 flops
Time of    75-relation= 0.000416 sec=   614713 flops
Time of    76-relation= 0.000415 sec=   612837 flops
Time of    77-relation= 0.000416 sec=   614919 flops
Time of    78-relation= 0.000418 sec=   618370 flops
Time of    79-relation= 0.000418 sec=   618036 flops
Time of    80-relation= 0.000421 sec=   621727 flops
Time of    81-relation= 0.000427 sec=   630626 flops
Time of    82-relation= 0.000422 sec=   623275 flops
Time of    83-relation= 0.000423 sec=   625477 flops
Time of    84-relation= 0.000424 sec=   626204 flops
Time of    85-relation= 0.000424 sec=   627033 flops
Time of    86-relation= 0.000427 sec=   630481 flops
Time of    87-relation= 0.000428 sec=   631816 flops
Time of    88-relation= 0.000427 sec=   631087 flops
Time of    89-relation= 0.000428 sec=   633146 flops
Time of    90-relation= 0.000433 sec=   640442 flops
Time of    91-relation= 0.000430 sec=   635372 flops
Time of    92-relation= 0.000430 sec=   635899 flops
Time of    93-relation= 0.000430 sec=   635582 flops
Time of    94-relation= 0.000431 sec=   637325 flops
Time of    95-relation= 0.000432 sec=   638096 flops
Time of    96-relation= 0.000432 sec=   638287 flops
Time of    97-relation= 0.000432 sec=   639059 flops
Time of    98-relation= 0.000433 sec=   639590 flops
Time of    99-relation= 0.000432 sec=   638841 flops
Time of   100-relation= 0.000433 sec=   639313 flops
Time of   101-relation= 0.000435 sec=   642233 flops
Time of   102-relation= 0.000434 sec=   641234 flops
Time of   103-relation= 0.000435 sec=   642735 flops
Time of   104-relation= 0.000435 sec=   643439 flops
Time of   105-relation= 0.000435 sec=   643604 flops
Time of   106-relation= 0.000437 sec=   645272 flops
Time of   107-relation= 0.000438 sec=   646680 flops
Time of   108-relation= 0.000440 sec=   649950 flops
Time of   109-relation= 0.000441 sec=   651707 flops
Time of   110-relation= 0.000443 sec=   654148 flops
Time of   111-relation= 0.000445 sec=   657350 flops
Time of   112-relation= 0.000445 sec=   657624 flops
Time of   113-relation= 0.000448 sec=   661855 flops
Time of   114-relation= 0.000449 sec=   664127 flops
Time of   115-relation= 0.000450 sec=   664888 flops
Time of   116-relation= 0.000451 sec=   666825 flops
Time of   117-relation= 0.000453 sec=   669784 flops
Time of   118-relation= 0.000455 sec=   672254 flops
Time of   119-relation= 0.000457 sec=   674892 flops
Time of   120-relation= 0.000457 sec=   674654 flops
Time of   121-relation= 0.000456 sec=   674410 flops
Time of   122-relation= 0.000458 sec=   676424 flops
Time of   123-relation= 0.000457 sec=   675008 flops
Time of   124-relation= 0.000457 sec=   675849 flops
Time of   125-relation= 0.000458 sec=   676621 flops
Time of   126-relation= 0.000458 sec=   677191 flops
Time of   127-relation= 0.000459 sec=   678314 flops
Time of   128-relation= 0.000460 sec=   680313 flops
Time of   129-relation= 0.000460 sec=   680528 flops
Time of   130-relation= 0.000459 sec=   679078 flops
Time of   131-relation= 0.000461 sec=   681261 flops
Time of   132-relation= 0.000461 sec=   681262 flops
Time of   133-relation= 0.000461 sec=   681552 flops
Time of   134-relation= 0.000464 sec=   686245 flops
Time of   135-relation= 0.000462 sec=   683361 flops
Time of   136-relation= 0.000462 sec=   683517 flops
Time of   137-relation= 0.000462 sec=   682726 flops
Time of   138-relation= 0.000464 sec=   685427 flops
Time of   139-relation= 0.000464 sec=   686121 flops
Time of   140-relation= 0.000466 sec=   688069 flops
Time of   141-relation= 0.000467 sec=   690404 flops
Time of   142-relation= 0.000466 sec=   688657 flops
Time of   143-relation= 0.000467 sec=   690110 flops
Time of   144-relation= 0.000468 sec=   691560 flops
Time of   145-relation= 0.000468 sec=   691380 flops
Time of   146-relation= 0.000468 sec=   691238 flops
Time of   147-relation= 0.000469 sec=   693301 flops
Time of   148-relation= 0.000469 sec=   692722 flops
Time of   149-relation= 0.000470 sec=   694564 flops
Time of   150-relation= 0.000471 sec=   695558 flops
Time of   151-relation= 0.000472 sec=   697372 flops
Time of   152-relation= 0.000473 sec=   699481 flops
Time of   153-relation= 0.000473 sec=   699727 flops
Time of   154-relation= 0.000475 sec=   702091 flops
Time of   155-relation= 0.000476 sec=   703800 flops
Time of   156-relation= 0.000476 sec=   703492 flops
Time of   157-relation= 0.000479 sec=   707718 flops
Time of   158-relation= 0.000480 sec=   709430 flops
Time of   159-relation= 0.000481 sec=   711207 flops
Time of   160-relation= 0.000484 sec=   714751 flops
Time of   161-relation= 0.000485 sec=   716367 flops
Time of   162-relation= 0.000486 sec=   717685 flops
Time of   163-relation= 0.000493 sec=   728517 flops
Time of   164-relation= 0.000488 sec=   721351 flops
Time of   165-relation= 0.000490 sec=   724042 flops
Time of   166-relation= 0.000490 sec=   723541 flops
Time of   167-relation= 0.000490 sec=   724119 flops
Time of   168-relation= 0.000489 sec=   723416 flops
Time of   169-relation= 0.000490 sec=   724012 flops
Time of   170-relation= 0.000490 sec=   723751 flops
Time of   171-relation= 0.000491 sec=   725069 flops
Time of   172-relation= 0.000490 sec=   724253 flops
Time of   173-relation= 0.000491 sec=   725302 flops
Time of   174-relation= 0.000492 sec=   726951 flops
Time of   175-relation= 0.000492 sec=   726521 flops
Time of   176-relation= 0.000496 sec=   732506 flops
Time of   177-relation= 0.000492 sec=   727313 flops
Time of   178-relation= 0.000492 sec=   727490 flops
Time of   179-relation= 0.000492 sec=   726765 flops
Time of   180-relation= 0.000494 sec=   729615 flops
Time of   181-relation= 0.000493 sec=   728155 flops
Time of   182-relation= 0.000494 sec=   729527 flops
Time of   183-relation= 0.000493 sec=   729153 flops
Time of   184-relation= 0.000493 sec=   728896 flops
Time of   185-relation= 0.000494 sec=   730062 flops
Time of   186-relation= 0.000494 sec=   730676 flops
Time of   187-relation= 0.000493 sec=   728934 flops
Time of   188-relation= 0.000494 sec=   730027 flops
Time of   189-relation= 0.000495 sec=   731096 flops
Time of   190-relation= 0.000494 sec=   730405 flops
Time of   191-relation= 0.000496 sec=   732510 flops
Time of   192-relation= 0.000496 sec=   733502 flops
Time of   193-relation= 0.000496 sec=   732456 flops
Time of   194-relation= 0.000495 sec=   732160 flops
Time of   195-relation= 0.000496 sec=   732870 flops
Time of   196-relation= 0.000497 sec=   734701 flops
Time of   197-relation= 0.000499 sec=   737093 flops
Time of   198-relation= 0.000500 sec=   738720 flops
Time of   199-relation= 0.000501 sec=   739875 flops
Time of   200-relation= 0.000502 sec=   742548 flops
Time of   201-relation= 0.000504 sec=   745273 flops
Time of   202-relation= 0.000504 sec=   744991 flops
Time of   203-relation= 0.000506 sec=   748025 flops
Time of   204-relation= 0.000508 sec=   750450 flops
Time of   205-relation= 0.000508 sec=   750773 flops
Time of   206-relation= 0.000510 sec=   754233 flops
Time of   207-relation= 0.000511 sec=   755711 flops
Time of   208-relation= 0.000513 sec=   757822 flops
Time of   209-relation= 0.000513 sec=   758736 flops
Time of   210-relation= 0.000515 sec=   760588 flops
Time of   211-relation= 0.000515 sec=   760496 flops
Time of   212-relation= 0.000515 sec=   761562 flops
Time of   213-relation= 0.000516 sec=   762906 flops
Time of   214-relation= 0.000516 sec=   762437 flops
Time of   215-relation= 0.000516 sec=   762095 flops
Time of   216-relation= 0.000518 sec=   765328 flops
Time of   217-relation= 0.000516 sec=   763133 flops
Time of   218-relation= 0.000516 sec=   762668 flops
Time of   219-relation= 0.000516 sec=   763295 flops
Time of   220-relation= 0.000517 sec=   763864 flops
Time of   221-relation= 0.000518 sec=   764808 flops
Time of   222-relation= 0.000517 sec=   763609 flops
Time of   223-relation= 0.000517 sec=   763749 flops
Time of   224-relation= 0.000516 sec=   763167 flops
Time of   225-relation= 0.000518 sec=   765825 flops
Time of   226-relation= 0.000518 sec=   765101 flops
Time of   227-relation= 0.000518 sec=   765701 flops
Time of   228-relation= 0.000519 sec=   766871 flops
Time of   229-relation= 0.000519 sec=   766589 flops
Time of   230-relation= 0.000518 sec=   765783 flops
Time of   231-relation= 0.000527 sec=   778673 flops
Time of   232-relation= 0.000519 sec=   766813 flops
Time of   233-relation= 0.000519 sec=   766524 flops
Time of   234-relation= 0.000519 sec=   767100 flops
Time of   235-relation= 0.000521 sec=   770020 flops
Time of   236-relation= 0.000520 sec=   768098 flops
Time of   237-relation= 0.000521 sec=   769995 flops
Time of   238-relation= 0.000520 sec=   767946 flops
Time of   239-relation= 0.000521 sec=   769941 flops
Time of   240-relation= 0.000520 sec=   769107 flops
Time of   241-relation= 0.000522 sec=   771894 flops
Time of   242-relation= 0.000523 sec=   772740 flops
Time of   243-relation= 0.000524 sec=   774806 flops
Time of   244-relation= 0.000525 sec=   776148 flops
Time of   245-relation= 0.000527 sec=   779059 flops
Time of   246-relation= 0.000528 sec=   779793 flops
Time of   247-relation= 0.000530 sec=   783144 flops
Time of   248-relation= 0.000530 sec=   783675 flops
Time of   249-relation= 0.000532 sec=   786409 flops
Time of   250-relation= 0.000533 sec=   788005 flops
Time of   251-relation= 0.000534 sec=   789126 flops
Time of   252-relation= 0.000536 sec=   792376 flops
Time of   253-relation= 0.000544 sec=   803935 flops
Time of   254-relation= 0.000541 sec=   799958 flops
Time of   255-relation= 0.000539 sec=   797134 flops
Time of   256-relation= 0.000540 sec=   797857 flops
size of double = 8 bytes
Range h=0 to p   : g= 2365.9, l= 430104.3
Range h=p to HMAX: g= 1177.5, l= 512456.8
The bottom line for this BSP computer is:
p= 16, r= 1477.877 Mflop/s, g= 1177.5, l= 512456.8
